Change Component Footprint: Designator=REC1 Old Footprint=HC-1538LD New Footprint=HC-1538LD - duplicate
Change Component Footprint: Designator=REC2 Old Footprint=HC-1538LD New Footprint=HC-1538LD - duplicate
Change Component Footprint: Designator=D1 Old Footprint=HC-F3-C06A New Footprint=HC-F3-C06A - duplicate
Change Component Footprint: Designator=D2 Old Footprint=HC-F3-C06A New Footprint=HC-F3-C06A - duplicate
Change Component Footprint: Designator=T1 Old Footprint=TH_Touch New Footprint=TH_Touch - duplicate
Change Component Footprint: Designator=T2 Old Footprint=TH_Touch New Footprint=TH_Touch - duplicate
Change Component Footprint: Designator=T3 Old Footprint=TH_Touch New Footprint=TH_Touch - duplicate
Change Component Description : Designator=U1 Old Description=STM32F030采用ARM Cortex内核，运算速度高达48 MHz。STM32F030是STM32系列中价格最低的产品，具有全套外设，例如高速12位ADC、先进且灵活的定时器、日历RTC和通 New Description=STM32F030采用ARM Cortex内核，运算速度高达48 MHz。STM32F030是STM32系列中价格最低的产品，具有全套外设，例如高速12位ADC、先进且灵活的定时器、日历RTC和通信接口（例如 I?C、USART和SPI）。
Change Component Description : Designator=U4 Old Description=TM1650是一种带键盘扫描接口的LED（发光二极管显示器）驱动控制专用IC,内部集成有MCU
数字接口、数据锁存器、LE New Description=TM1650是一种带键盘扫描接口的LED（发光二极管显示器）驱动控制专用IC,内部集成有MCU
数字接口、数据锁存器、LED驱动、键盘扫描等电路。
Added Member To Class: ClassName=VM3300_V0.1 Member=Component C1 100nF
Added Member To Class: ClassName=VM3300_V0.1 Member=Component C2 100nF
Added Member To Class: ClassName=VM3300_V0.1 Member=Component C3 100nF
Added Member To Class: ClassName=VM3300_V0.1 Member=Component C5 100nF
Added Member To Class: ClassName=VM3300_V0.1 Member=Component C6 100nF
Added Member To Class: ClassName=VM3300_V0.1 Member=Component C7 100nF
Added Member To Class: ClassName=VM3300_V0.1 Member=Component C8 100nF
Added Member To Class: ClassName=VM3300_V0.1 Member=Component C9 100nF
Added Member To Class: ClassName=VM3300_V0.1 Member=Component C10 100nF
Added Member To Class: ClassName=VM3300_V0.1 Member=Component C11 100nF
Added Member To Class: ClassName=VM3300_V0.1 Member=Component C12 100nF
Added Member To Class: ClassName=VM3300_V0.1 Member=Component C13 100nF
Added Member To Class: ClassName=VM3300_V0.1 Member=Component C14 22pF
Added Member To Class: ClassName=VM3300_V0.1 Member=Component C18 22pF
Added Member To Class: ClassName=VM3300_V0.1 Member=Component C19 100nF
Added Member To Class: ClassName=VM3300_V0.1 Member=Component C20 100nF
Added Member To Class: ClassName=VM3300_V0.1 Member=Component C21 100nF
Added Member To Class: ClassName=VM3300_V0.1 Member=Component C22 100nF
Added Member To Class: ClassName=VM3300_V0.1 Member=Component C23 100nF
Added Member To Class: ClassName=VM3300_V0.1 Member=Component C24 100nF
Added Member To Class: ClassName=VM3300_V0.1 Member=Component C27 100pF
Added Member To Class: ClassName=VM3300_V0.1 Member=Component C28 100pF
Added Member To Class: ClassName=VM3300_V0.1 Member=Component C29 10uF/16V
Added Member To Class: ClassName=VM3300_V0.1 Member=Component C30 100nF
Added Member To Class: ClassName=VM3300_V0.1 Member=Component C36 100nF
Added Member To Class: ClassName=VM3300_V0.1 Member=Component C41 100nF
Added Member To Class: ClassName=VM3300_V0.1 Member=Component C42 100nF
Added Member To Class: ClassName=VM3300_V0.1 Member=Component C43 100nF
Added Member To Class: ClassName=VM3300_V0.1 Member=Component C44 100nF
Added Member To Class: ClassName=VM3300_V0.1 Member=Component C45 10nF
Added Member To Class: ClassName=VM3300_V0.1 Member=Component C46 10nF
Added Member To Class: ClassName=VM3300_V0.1 Member=Component C47 10nF
Added Member To Class: ClassName=VM3300_V0.1 Member=Component C48 100nF
Added Member To Class: ClassName=VM3300_V0.1 Member=Component C49 1uF
Added Member To Class: ClassName=VM3300_V0.1 Member=Component C50 100nF
Added Member To Class: ClassName=VM3300_V0.1 Member=Component C51 1uF
Added Member To Class: ClassName=VM3300_V0.1 Member=Component C52 100nF
Added Member To Class: ClassName=VM3300_V0.1 Member=Component C53 1uF
Added Member To Class: ClassName=VM3300_V0.1 Member=Component D1 HC-F3-C06A
Added Member To Class: ClassName=VM3300_V0.1 Member=Component D2 HC-F3-C06A
Added Member To Class: ClassName=VM3300_V0.1 Member=Component E2 100uF/16V
Added Member To Class: ClassName=VM3300_V0.1 Member=Component E4 100uF/16V
Added Member To Class: ClassName=VM3300_V0.1 Member=Component E6 100uF/16V
Added Member To Class: ClassName=VM3300_V0.1 Member=Component GRB1 WS2812B
Added Member To Class: ClassName=VM3300_V0.1 Member=Component GRB2 WS2812B
Added Member To Class: ClassName=VM3300_V0.1 Member=Component GRB3 WS2812B
Added Member To Class: ClassName=VM3300_V0.1 Member=Component GRB4 WS2812B
Added Member To Class: ClassName=VM3300_V0.1 Member=Component GRB5 WS2812B
Added Member To Class: ClassName=VM3300_V0.1 Member=Component GRB6 WS2812B
Added Member To Class: ClassName=VM3300_V0.1 Member=Component GRB7 WS2812B
Added Member To Class: ClassName=VM3300_V0.1 Member=Component GRB8 WS2812B
Added Member To Class: ClassName=VM3300_V0.1 Member=Component GRB9 WS2812B
Added Member To Class: ClassName=VM3300_V0.1 Member=Component GRB10 WS2812B
Added Member To Class: ClassName=VM3300_V0.1 Member=Component GRB11 WS2812B
Added Member To Class: ClassName=VM3300_V0.1 Member=Component GRB12 WS2812B
Added Member To Class: ClassName=VM3300_V0.1 Member=Component GRB24 WS2812B
Added Member To Class: ClassName=VM3300_V0.1 Member=Component GRB25 WS2812B
Added Member To Class: ClassName=VM3300_V0.1 Member=Component GRB26 WS2812B
Added Member To Class: ClassName=VM3300_V0.1 Member=Component GRB27 WS2812B
Added Member To Class: ClassName=VM3300_V0.1 Member=Component Q1 AO3400A
Added Member To Class: ClassName=VM3300_V0.1 Member=Component Q2 AO3400A
Added Member To Class: ClassName=VM3300_V0.1 Member=Component Q4 SS8050
Added Member To Class: ClassName=VM3300_V0.1 Member=Component Q5 SS8050
Added Member To Class: ClassName=VM3300_V0.1 Member=Component R1 10K
Added Member To Class: ClassName=VM3300_V0.1 Member=Component R5 2K
Added Member To Class: ClassName=VM3300_V0.1 Member=Component R6 2K
Added Member To Class: ClassName=VM3300_V0.1 Member=Component R7 10K
Added Member To Class: ClassName=VM3300_V0.1 Member=Component R8 10K
Added Member To Class: ClassName=VM3300_V0.1 Member=Component R9 10K
Added Member To Class: ClassName=VM3300_V0.1 Member=Component R10 10K
Added Member To Class: ClassName=VM3300_V0.1 Member=Component R11 36K
Added Member To Class: ClassName=VM3300_V0.1 Member=Component R12 36K
Added Member To Class: ClassName=VM3300_V0.1 Member=Component R13 14K
Added Member To Class: ClassName=VM3300_V0.1 Member=Component R14 14K
Added Member To Class: ClassName=VM3300_V0.1 Member=Component R15 1K
Added Member To Class: ClassName=VM3300_V0.1 Member=Component R16 1K
Added Member To Class: ClassName=VM3300_V0.1 Member=Component R17 100R
Added Member To Class: ClassName=VM3300_V0.1 Member=Component R18 100R
Added Member To Class: ClassName=VM3300_V0.1 Member=Component R20 10K
Added Member To Class: ClassName=VM3300_V0.1 Member=Component R21 10K
Added Member To Class: ClassName=VM3300_V0.1 Member=Component R23 4.7K
Added Member To Class: ClassName=VM3300_V0.1 Member=Component R24 4.7K
Added Member To Class: ClassName=VM3300_V0.1 Member=Component R25 1K
Added Member To Class: ClassName=VM3300_V0.1 Member=Component R26 1K
Added Member To Class: ClassName=VM3300_V0.1 Member=Component R27 1K
Added Member To Class: ClassName=VM3300_V0.1 Member=Component REC1 HC-1538LD
Added Member To Class: ClassName=VM3300_V0.1 Member=Component REC2 HC-1538LD
Added Member To Class: ClassName=VM3300_V0.1 Member=Component SMG1 2841B
Added Member To Class: ClassName=VM3300_V0.1 Member=Component SWD1 HDR-1X5
Added Member To Class: ClassName=VM3300_V0.1 Member=Component T1 TH_Touch
Added Member To Class: ClassName=VM3300_V0.1 Member=Component T2 TH_Touch
Added Member To Class: ClassName=VM3300_V0.1 Member=Component T3 TH_Touch
Added Member To Class: ClassName=VM3300_V0.1 Member=Component U1 STM32F030C8T6
Added Member To Class: ClassName=VM3300_V0.1 Member=Component U4 TM1650
Added Member To Class: ClassName=VM3300_V0.1 Member=Component U5 TK8021
Added Member To Class: ClassName=VM3300_V0.1 Member=Component U6 TK8021
Added Member To Class: ClassName=VM3300_V0.1 Member=Component U7 TK8021
Added Member To Class: ClassName=VM3300_V0.1 Member=Component UART HDR-1X4
Added Member To Class: ClassName=VM3300_V0.1 Member=Component Y1 8MHz
Added Room: Name=VM3300_V0.1
