=~=~=~=~=~=~=~=~=~=~=~= MobaXterm log 2024.05.06 14:30:09 =~=~=~=~=~=~=~=~=~=~=~=
    
[2024-05-06 14:30:09]                        MobaXterm Personal Edition v22.1                  
[2024-05-06 14:30:09]                     (SSH client, X server and network tools)               
[2024-05-06 14:30:09]                                                                            
[2024-05-06 14:30:09]        Telnet session to RTT@127.0.0.1                                    
[2024-05-06 14:30:09]        Your DISPLAY is set to 192.168.4.118:0.0                           
[2024-05-06 14:30:09]        For more info, ctrl+click on help or visit our website.            
[2024-05-06 14:30:09]      
[2024-05-06 14:30:09]  
[2024-05-06 14:30:09]  
[2024-05-06 14:30:09]  Network error: Connection refused
[2024-05-06 14:30:09]  
[2024-05-06 14:30:09]  
[2024-05-06 14:30:09]  
[2024-05-06 14:30:09]  Session stopped
[2024-05-06 14:30:09]      - Press <return> to exit tab
[2024-05-06 14:30:09]      - Press R to restart session
[2024-05-06 14:30:09]      - Press S to save terminal output to file
[2024-05-06 14:30:09]  
[2024-05-06 14:30:09]  
[2024-05-06 14:30:09]  
[2024-05-06 14:30:09]  Session stopped
[2024-05-06 14:30:09]      - Press <return> to exit tab
[2024-05-06 14:30:09]      - Press R to restart session
[2024-05-06 14:30:09]      - Press S to save terminal output to file
[2024-05-06 14:30:09]  =~=~=~=~=~=~=~=~=~=~=~= MobaXterm log 2024.05.06 14:30:20 =~=~=~=~=~=~=~=~=~=~=~=
    
[2024-05-06 14:30:20]                        MobaXterm Personal Edition v22.1                  
[2024-05-06 14:30:20]                     (SSH client, X server and network tools)               
[2024-05-06 14:30:20]                                                                            
[2024-05-06 14:30:20]        Telnet session to RTT@127.0.0.1                                    
[2024-05-06 14:30:20]        Your DISPLAY is set to 192.168.4.118:0.0                           
[2024-05-06 14:30:20]        For more info, ctrl+click on help or visit our website.            
[2024-05-06 14:30:20]      
[2024-05-06 14:30:20]  
[2024-05-06 14:30:20]  SEGGER J-Link V7.94b - Real time terminal output
[2024-05-06 14:30:20]  SEGGER J-Link V9.4, SN=99451626
[2024-05-06 14:30:20]  Process: JLinkRTTViewer.exe
[2024-05-06 14:30:20]  ｵｱﾇｰﾊｵｼﾊﾊｱｼ茱ｺ45S
[2024-05-06 14:30:20]  ｵｱﾇｰﾊｵｼﾊﾊｱｼ茱ｺ47S
[2024-05-06 14:30:20]  ｵｱﾇｰﾊｵｼﾊﾊｱｼ茱ｺ48S
[2024-05-06 14:30:21]  ｵｱﾇｰﾊｵｼﾊﾊｱｼ茱ｺ49S
[2024-05-06 14:30:22]  ｵｱﾇｰﾊｵｼﾊﾊｱｼ茱ｺ50S
[2024-05-06 14:30:23]  ｵｱﾇｰﾊｵｼﾊﾊｱｼ茱ｺ51S
[2024-05-06 14:30:24]  ｵｱﾇｰﾊｵｼﾊﾊｱｼ茱ｺ52S
[2024-05-06 14:30:25]  ｵｱﾇｰﾊｵｼﾊﾊｱｼ茱ｺ53S
[2024-05-06 14:30:26]  ｵｱﾇｰﾊｵｼﾊﾊｱｼ茱ｺ54S
[2024-05-06 14:30:27]  ｵｱﾇｰﾊｵｼﾊﾊｱｼ茱ｺ55S
[2024-05-06 14:30:28]  ｵｱﾇｰﾊｵｼﾊﾊｱｼ茱ｺ56S
[2024-05-06 14:30:29]  ｵｱﾇｰﾊｵｼﾊﾊｱｼ茱ｺ57S
[2024-05-06 14:30:30]  ｵｱﾇｰﾊｵｼﾊﾊｱｼ茱ｺ58S
[2024-05-06 14:30:31]  ｵｱﾇｰﾊｵｼﾊﾊｱｼ茱ｺ60S
[2024-05-06 14:30:33]  ｵｱﾇｰﾊｵｼﾊﾊｱｼ茱ｺ61S
[2024-05-06 14:30:34]  ｵｱﾇｰﾊｵｼﾊﾊｱｼ茱ｺ62S
[2024-05-06 14:30:35]  ｵｱﾇｰﾊｵｼﾊﾊｱｼ茱ｺ63S
[2024-05-06 14:30:36]  ｵｱﾇｰﾊｵｼﾊﾊｱｼ茱ｺ64S
[2024-05-06 14:30:37]  ｵｱﾇｰﾊｵｼﾊﾊｱｼ茱ｺ65S
[2024-05-06 14:30:38]  ｵｱﾇｰﾊｵｼﾊﾊｱｼ茱ｺ67S
[2024-05-06 14:30:40]  ｵｱﾇｰﾊｵｼﾊﾊｱｼ茱ｺ68S
[2024-05-06 14:30:41]  ｵｱﾇｰﾊｵｼﾊﾊｱｼ茱ｺ69S
[2024-05-06 14:30:42]  ｵｱﾇｰﾊｵｼﾊﾊｱｼ茱ｺ70S
[2024-05-06 14:30:43]  ｵｱﾇｰﾊｵｼﾊﾊｱｼ茱ｺ71S
[2024-05-06 14:30:44]  ｵｱﾇｰﾊｵｼﾊﾊｱｼ茱ｺ72S
[2024-05-06 14:30:45]  ｵｱﾇｰﾊｵｼﾊﾊｱｼ茱ｺ73S
[2024-05-06 14:30:46]  ｵｱﾇｰﾊｵｼﾊﾊｱｼ茱ｺ74S
[2024-05-06 14:30:47]  ｵｱﾇｰﾊｵｼﾊﾊｱｼ茱ｺ75S
[2024-05-06 14:30:48]  ｵｱﾇｰﾊｵｼﾊﾊｱｼ茱ｺ76S
[2024-05-06 14:30:49]  ｵｱﾇｰﾊｵｼﾊﾊｱｼ茱ｺ77S
[2024-05-06 14:30:50]  ｵｱﾇｰﾊｵｼﾊﾊｱｼ茱ｺ78S
[2024-05-06 14:30:51]  ｵｱﾇｰﾊｵｼﾊﾊｱｼ茱ｺ79S
[2024-05-06 14:30:52]  ｵｱﾇｰﾊｵｼﾊﾊｱｼ茱ｺ80S
[2024-05-06 14:30:53]  ｵｱﾇｰﾊｵｼﾊﾊｱｼ茱ｺ81S
[2024-05-06 14:30:54]  ｵｱﾇｰﾊｵｼﾊﾊｱｼ茱ｺ82S
[2024-05-06 14:30:55]  ｵｱﾇｰﾊｵｼﾊﾊｱｼ茱ｺ83S
[2024-05-06 14:30:56]  ｵｱﾇｰﾊｵｼﾊﾊｱｼ茱ｺ84S
[2024-05-06 14:30:57]  ｵｱﾇｰﾊｵｼﾊﾊｱｼ茱ｺ86S
[2024-05-06 14:30:59]  ｵｱﾇｰﾊｵｼﾊﾊｱｼ茱ｺ87S
[2024-05-06 14:31:00]  ｵｱﾇｰﾊｵｼﾊﾊｱｼ茱ｺ88S
[2024-05-06 14:31:01]  ｵｱﾇｰﾊｵｼﾊﾊｱｼ茱ｺ89S
[2024-05-06 14:31:02]  ｵｱﾇｰﾊｵｼﾊﾊｱｼ茱ｺ90S
[2024-05-06 14:31:03]  ｵｱﾇｰﾊｵｼﾊﾊｱｼ茱ｺ91S
[2024-05-06 14:31:04]  ｵｱﾇｰﾊｵｼﾊﾊｱｼ茱ｺ92S
[2024-05-06 14:31:05]  ｵｱﾇｰﾊｵｼﾊﾊｱｼ茱ｺ93S
[2024-05-06 14:31:06]  ｵｱﾇｰﾊｵｼﾊﾊｱｼ茱ｺ94S
[2024-05-06 14:31:07]  ｵｱﾇｰﾊｵｼﾊﾊｱｼ茱ｺ95S
[2024-05-06 14:31:08]  ｵｱﾇｰﾊｵｼﾊﾊｱｼ茱ｺ96S
[2024-05-06 14:31:09]  ｵｱﾇｰﾊｵｼﾊﾊｱｼ茱ｺ97S
[2024-05-06 14:31:10]  ｵｱﾇｰﾊｵｼﾊﾊｱｼ茱ｺ99S
[2024-05-06 14:31:12]  
[2024-05-06 14:31:29]  
[2024-05-06 14:31:29]  
[2024-05-06 14:31:29]  Session stopped
[2024-05-06 14:31:29]      - Press <return> to exit tab
[2024-05-06 14:31:29]      - Press R to restart session
[2024-05-06 14:31:29]      - Press S to save terminal output to file
[2024-05-06 14:31:29]  =~=~=~=~=~=~=~=~=~=~=~= MobaXterm log 2024.05.06 14:31:35 =~=~=~=~=~=~=~=~=~=~=~=
    
[2024-05-06 14:31:35]                        MobaXterm Personal Edition v22.1                  
[2024-05-06 14:31:35]                     (SSH client, X server and network tools)               
[2024-05-06 14:31:35]                                                                            
[2024-05-06 14:31:35]        Telnet session to RTT@127.0.0.1                                    
[2024-05-06 14:31:35]        Your DISPLAY is set to 192.168.4.118:0.0                           
[2024-05-06 14:31:35]        For more info, ctrl+click on help or visit our website.            
[2024-05-06 14:31:35]      
[2024-05-06 14:31:35]  
[2024-05-06 14:31:35]  SEGGER J-Link V7.94b - Real time terminal output
[2024-05-06 14:31:35]  SEGGER J-Link V9.4, SN=99451626
[2024-05-06 14:31:35]  Process: JLinkRTTViewer.exe
[2024-05-06 14:31:35]  ｵｱﾇｰﾊｵｼﾊﾊｱｼ茱ｺ19S
[2024-05-06 14:31:35]  ｵｱﾇｰﾊｵｼﾊﾊｱｼ茱ｺ20S
[2024-05-06 14:31:35]  ｵｱﾇｰﾊｵｼﾊﾊｱｼ茱ｺ21S
[2024-05-06 14:31:36]  ｵｱﾇｰﾊｵｼﾊﾊｱｼ茱ｺ22S
[2024-05-06 14:31:37]  ｵｱﾇｰﾊｵｼﾊﾊｱｼ茱ｺ23S
[2024-05-06 14:31:38]  ｵｱﾇｰﾊｵｼﾊﾊｱｼ茱ｺ25S
[2024-05-06 14:31:40]  ｵｱﾇｰﾊｵｼﾊﾊｱｼ茱ｺ26S
[2024-05-06 14:31:41]  ｵｱﾇｰﾊｵｼﾊﾊｱｼ茱ｺ27S
[2024-05-06 14:31:42]  ｵｱﾇｰﾊｵｼﾊﾊｱｼ茱ｺ28S
[2024-05-06 14:31:43]  ｵｱﾇｰﾊｵｼﾊﾊｱｼ茱ｺ29S
[2024-05-06 14:31:44]  ｵｱﾇｰﾊｵｼﾊﾊｱｼ茱ｺ30S
[2024-05-06 14:31:45]  ｵｱﾇｰﾊｵｼﾊﾊｱｼ茱ｺ31S
[2024-05-06 14:31:46]  ｵｱﾇｰﾊｵｼﾊﾊｱｼ茱ｺ32S
[2024-05-06 14:31:47]  ｵｱﾇｰﾊｵｼﾊﾊｱｼ茱ｺ33S
[2024-05-06 14:31:48]  ｵｱﾇｰﾊｵｼﾊﾊｱｼ茱ｺ34S
[2024-05-06 14:31:49]  ｵｱﾇｰﾊｵｼﾊﾊｱｼ茱ｺ35S
[2024-05-06 14:31:50]  ｵｱﾇｰﾊｵｼﾊﾊｱｼ茱ｺ36S
[2024-05-06 14:31:51]  ｵｱﾇｰﾊｵｼﾊﾊｱｼ茱ｺ37S
[2024-05-06 14:31:52]  ｵｱﾇｰﾊｵｼﾊﾊｱｼ茱ｺ38S
[2024-05-06 14:31:53]  ｵｱﾇｰﾊｵｼﾊﾊｱｼ茱ｺ39S
[2024-05-06 14:31:54]  ｵｱﾇｰﾊｵｼﾊﾊｱｼ茱ｺ40S
[2024-05-06 14:31:55]  ｵｱﾇｰﾊｵｼﾊﾊｱｼ茱ｺ42S
[2024-05-06 14:31:57]  ｵｱﾇｰﾊｵｼﾊﾊｱｼ茱ｺ43S
[2024-05-06 14:31:58]  ｵｱﾇｰﾊｵｼﾊﾊｱｼ茱ｺ44S
[2024-05-06 14:31:59]  ｵｱﾇｰﾊｵｼﾊﾊｱｼ茱ｺ45S
[2024-05-06 14:32:00]  ｵｱﾇｰﾊｵｼﾊﾊｱｼ茱ｺ47S
[2024-05-06 14:32:02]  ｵｱﾇｰﾊｵｼﾊﾊｱｼ茱ｺ48S
[2024-05-06 14:32:03]  ｵｱﾇｰﾊｵｼﾊﾊｱｼ茱ｺ49S
[2024-05-06 14:32:04]  ｵｱﾇｰﾊｵｼﾊﾊｱｼ茱ｺ50S
[2024-05-06 14:32:05]  ｵｱﾇｰﾊｵｼﾊﾊｱｼ茱ｺ51S
[2024-05-06 14:32:06]  ｵｱﾇｰﾊｵｼﾊﾊｱｼ茱ｺ52S
[2024-05-06 14:32:07]  ｵｱﾇｰﾊｵｼﾊﾊｱｼ茱ｺ53S
[2024-05-06 14:32:08]  ｵｱﾇｰﾊｵｼﾊﾊｱｼ茱ｺ54S
[2024-05-06 14:32:09]  ｵｱﾇｰﾊｵｼﾊﾊｱｼ茱ｺ56S
[2024-05-06 14:32:11]  ｵｱﾇｰﾊｵｼﾊﾊｱｼ茱ｺ57S
[2024-05-06 14:32:12]  ｵｱﾇｰﾊｵｼﾊﾊｱｼ茱ｺ58S
[2024-05-06 14:32:13]  ｵｱﾇｰﾊｵｼﾊﾊｱｼ茱ｺ59S
[2024-05-06 14:32:14]  ｵｱﾇｰﾊｵｼﾊﾊｱｼ茱ｺ60S
[2024-05-06 14:32:15]  ｵｱﾇｰﾊｵｼﾊﾊｱｼ茱ｺ61S
[2024-05-06 14:32:16]  ｵｱﾇｰﾊｵｼﾊﾊｱｼ茱ｺ62S
[2024-05-06 14:32:17]  ｵｱﾇｰﾊｵｼﾊﾊｱｼ茱ｺ65S
[2024-05-06 14:32:20]  ｵｱﾇｰﾊｵｼﾊﾊｱｼ茱ｺ66S
[2024-05-06 14:32:21]  ｵｱﾇｰﾊｵｼﾊﾊｱｼ茱ｺ67S
[2024-05-06 14:32:22]  ｵｱﾇｰﾊｵｼﾊﾊｱｼ茱ｺ68S
[2024-05-06 14:32:23]  ｵｱﾇｰﾊｵｼﾊﾊｱｼ茱ｺ69S
[2024-05-06 14:32:24]  ｵｱﾇｰﾊｵｼﾊﾊｱｼ茱ｺ70S
[2024-05-06 14:32:25]  ｵｱﾇｰﾊｵｼﾊﾊｱｼ茱ｺ71S
[2024-05-06 14:32:26]  ｵｱﾇｰﾊｵｼﾊﾊｱｼ茱ｺ72S
[2024-05-06 14:32:27]  ｵｱﾇｰﾊｵｼﾊﾊｱｼ茱ｺ73S
[2024-05-06 14:32:28]  ｵｱﾇｰﾊｵｼﾊﾊｱｼ茱ｺ74S
[2024-05-06 14:32:29]  ｵｱﾇｰﾊｵｼﾊﾊｱｼ茱ｺ75S
[2024-05-06 14:32:30]  ｵｱﾇｰﾊｵｼﾊﾊｱｼ茱ｺ77S
[2024-05-06 14:32:32]  ｵｱﾇｰﾊｵｼﾊﾊｱｼ茱ｺ78S
[2024-05-06 14:32:33]  ｵｱﾇｰﾊｵｼﾊﾊｱｼ茱ｺ79S
[2024-05-06 14:32:34]  ｵｱﾇｰﾊｵｼﾊﾊｱｼ茱ｺ80S
[2024-05-06 14:32:35]  ｵｱﾇｰﾊｵｼﾊﾊｱｼ茱ｺ81S
[2024-05-06 14:32:36]  ｵｱﾇｰﾊｵｼﾊﾊｱｼ茱ｺ82S
[2024-05-06 14:32:37]  ｵｱﾇｰﾊｵｼﾊﾊｱｼ茱ｺ83S
[2024-05-06 14:32:38]  ｵｱﾇｰﾊｵｼﾊﾊｱｼ茱ｺ84S
[2024-05-06 14:32:39]  ｵｱﾇｰﾊｵｼﾊﾊｱｼ茱ｺ86S
[2024-05-06 14:32:41]  ｵｱﾇｰﾊｵｼﾊﾊｱｼ茱ｺ87S
[2024-05-06 14:32:42]  ｵｱﾇｰﾊｵｼﾊﾊｱｼ茱ｺ88S
[2024-05-06 14:32:43]  ｵｱﾇｰﾊｵｼﾊﾊｱｼ茱ｺ89S
[2024-05-06 14:32:44]  ｵｱﾇｰﾊｵｼﾊﾊｱｼ茱ｺ91S
[2024-05-06 14:32:46]  ｵｱﾇｰﾊｵｼﾊﾊｱｼ茱ｺ92S
[2024-05-06 14:32:47]  ｵｱﾇｰﾊｵｼﾊﾊｱｼ茱ｺ93S
[2024-05-06 14:32:48]  ｵｱﾇｰﾊｵｼﾊﾊｱｼ茱ｺ94S
[2024-05-06 14:32:49]  ｵｱﾇｰﾊｵｼﾊﾊｱｼ茱ｺ95S
[2024-05-06 14:32:50]  ｵｱﾇｰﾊｵｼﾊﾊｱｼ茱ｺ96S
[2024-05-06 14:32:51]  ｵｱﾇｰﾊｵｼﾊﾊｱｼ茱ｺ97S
[2024-05-06 14:32:52]  ｵｱﾇｰﾊｵｼﾊﾊｱｼ茱ｺ98S
[2024-05-06 14:32:53]  ｵｱﾇｰﾊｵｼﾊﾊｱｼ茱ｺ99S
[2024-05-06 14:32:54]  ｵｱﾇｰﾊｵｼﾊﾊｱｼ茱ｺ100S
[2024-05-06 14:32:55]  ｵｱﾇｰﾊｵｼﾊﾊｱｼ茱ｺ101S
[2024-05-06 14:32:56]  ｵｱﾇｰﾊｵｼﾊﾊｱｼ茱ｺ102S
[2024-05-06 14:32:57]  ｵｱﾇｰﾊｵｼﾊﾊｱｼ茱ｺ103S
[2024-05-06 14:32:58]  ｵｱﾇｰﾊｵｼﾊﾊｱｼ茱ｺ104S
[2024-05-06 14:32:59]  ｵｱﾇｰﾊｵｼﾊﾊｱｼ茱ｺ105S
[2024-05-06 14:33:00]  ｵｱﾇｰﾊｵｼﾊﾊｱｼ茱ｺ106S
[2024-05-06 14:33:01]  ｵｱﾇｰﾊｵｼﾊﾊｱｼ茱ｺ107S
[2024-05-06 14:33:02]  ｵｱﾇｰﾊｵｼﾊﾊｱｼ茱ｺ109S
[2024-05-06 14:33:04]  ｵｱﾇｰﾊｵｼﾊﾊｱｼ茱ｺ110S
[2024-05-06 14:33:05]  ｵｱﾇｰﾊｵｼﾊﾊｱｼ茱ｺ111S
[2024-05-06 14:33:06]  ｵｱﾇｰﾊｵｼﾊﾊｱｼ茱ｺ112S
[2024-05-06 14:33:07]  ｵｱﾇｰﾊｵｼﾊﾊｱｼ茱ｺ113S
[2024-05-06 14:33:08]  ｵｱﾇｰﾊｵｼﾊﾊｱｼ茱ｺ114S
[2024-05-06 14:33:09]  ｵｱﾇｰﾊｵｼﾊﾊｱｼ茱ｺ115S
[2024-05-06 14:33:10]  ｵｱﾇｰﾊｵｼﾊﾊｱｼ茱ｺ116S
[2024-05-06 14:33:11]  ｵｱﾇｰﾊｵｼﾊﾊｱｼ茱ｺ117S
[2024-05-06 14:33:12]  ｵｱﾇｰﾊｵｼﾊﾊｱｼ茱ｺ119S
[2024-05-06 14:33:14]  ｵｱﾇｰﾊｵｼﾊﾊｱｼ茱ｺ120S
[2024-05-06 14:33:15]  ｵｱﾇｰﾊｵｼﾊﾊｱｼ茱ｺ121S
[2024-05-06 14:33:16]  ｵｱﾇｰﾊｵｼﾊﾊｱｼ茱ｺ122S
[2024-05-06 14:33:17]  ｵｱﾇｰﾊｵｼﾊﾊｱｼ茱ｺ123S
[2024-05-06 14:33:18]  ｵｱﾇｰﾊｵｼﾊﾊｱｼ茱ｺ124S
[2024-05-06 14:33:19]  ｵｱﾇｰﾊｵｼﾊﾊｱｼ茱ｺ125S
[2024-05-06 14:33:20]  ｵｱﾇｰﾊｵｼﾊﾊｱｼ茱ｺ126S
[2024-05-06 14:33:21]  ｵｱﾇｰﾊｵｼﾊﾊｱｼ茱ｺ128S
[2024-05-06 14:33:23]  ｵｱﾇｰﾊｵｼﾊﾊｱｼ茱ｺ129S
[2024-05-06 14:33:24]  ｵｱﾇｰﾊｵｼﾊﾊｱｼ茱ｺ130S
[2024-05-06 14:33:25]  ｵｱﾇｰﾊｵｼﾊﾊｱｼ茱ｺ131S
[2024-05-06 14:33:26]  ｵｱﾇｰﾊｵｼﾊﾊｱｼ茱ｺ133S
[2024-05-06 14:33:28]  ｵｱﾇｰﾊｵｼﾊﾊｱｼ茱ｺ134S
[2024-05-06 14:33:29]  ｵｱﾇｰﾊｵｼﾊﾊｱｼ茱ｺ135S
[2024-05-06 14:33:30]  ｵｱﾇｰﾊｵｼﾊﾊｱｼ茱ｺ136S
[2024-05-06 14:33:31]  ｵｱﾇｰﾊｵｼﾊﾊｱｼ茱ｺ137S
[2024-05-06 14:33:32]  ｵｱﾇｰﾊｵｼﾊﾊｱｼ茱ｺ138S
[2024-05-06 14:33:33]  ｵｱﾇｰﾊｵｼﾊﾊｱｼ茱ｺ139S
[2024-05-06 14:33:34]  ｵｱﾇｰﾊｵｼﾊﾊｱｼ茱ｺ140S
[2024-05-06 14:33:35]  ｵｱﾇｰﾊｵｼﾊﾊｱｼ茱ｺ141S
[2024-05-06 14:33:36]  ｵｱﾇｰﾊｵｼﾊﾊｱｼ茱ｺ143S
[2024-05-06 14:33:38]  ｵｱﾇｰﾊｵｼﾊﾊｱｼ茱ｺ144S
[2024-05-06 14:33:39]  ｵｱﾇｰﾊｵｼﾊﾊｱｼ茱ｺ145S
[2024-05-06 14:33:40]  ｵｱﾇｰﾊｵｼﾊﾊｱｼ茱ｺ146S
[2024-05-06 14:33:41]  ｵｱﾇｰﾊｵｼﾊﾊｱｼ茱ｺ147S
[2024-05-06 14:33:42]  ｵｱﾇｰﾊｵｼﾊﾊｱｼ茱ｺ148S
[2024-05-06 14:33:43]  ｵｱﾇｰﾊｵｼﾊﾊｱｼ茱ｺ149S
[2024-05-06 14:33:44]  ｵｱﾇｰﾊｵｼﾊﾊｱｼ茱ｺ150S
[2024-05-06 14:33:45]  ｵｱﾇｰﾊｵｼﾊﾊｱｼ茱ｺ152S
[2024-05-06 14:33:47]  ｵｱﾇｰﾊｵｼﾊﾊｱｼ茱ｺ153S
[2024-05-06 14:33:48]  ｵｱﾇｰﾊｵｼﾊﾊｱｼ茱ｺ154S
[2024-05-06 14:33:49]  ｵｱﾇｰﾊｵｼﾊﾊｱｼ茱ｺ155S
[2024-05-06 14:33:50]  ｵｱﾇｰﾊｵｼﾊﾊｱｼ茱ｺ156S
[2024-05-06 14:33:51]  ｵｱﾇｰﾊｵｼﾊﾊｱｼ茱ｺ157S
[2024-05-06 14:33:52]  ｵｱﾇｰﾊｵｼﾊﾊｱｼ茱ｺ158S
[2024-05-06 14:33:53]  ｵｱﾇｰﾊｵｼﾊﾊｱｼ茱ｺ159S
[2024-05-06 14:33:54]  ｵｱﾇｰﾊｵｼﾊﾊｱｼ茱ｺ160S
[2024-05-06 14:33:55]  ｵｱﾇｰﾊｵｱﾇｰﾊｵｼﾊﾊｱｼ茱ｺ162S
[2024-05-06 14:33:57]  ｵｱﾇｰﾊｵｼﾊﾊｱｼ茱ｺ163S
[2024-05-06 14:33:58]  ｵｱﾇｰﾊｵｼﾊﾊｱｼ茱ｺ165S
[2024-05-06 14:34:00]  ｵｱﾇｰﾊｵｼﾊﾊｱｼ茱ｺ166S
[2024-05-06 14:34:01]  ｵｱﾇｰﾊｵｼﾊﾊｱｼ茱ｺ167S
[2024-05-06 14:34:02]  ｵｱﾇｰﾊｵｼﾊﾊｱｼ茱ｺ168S
[2024-05-06 14:34:03]  ｵｱﾇｰﾊｵｼﾊﾊｱｼ茱ｺ170S
[2024-05-06 14:34:05]  ｵｱﾇｰﾊｵｼﾊﾊｱｼ茱ｺ171S
[2024-05-06 14:34:06]  ｵｱﾇｰﾊｵｼﾊﾊｱｼ茱ｺ172S
[2024-05-06 14:34:07]  ｵｱﾇｰﾊｵｼﾊﾊｱｼ茱ｺ174S
[2024-05-06 14:34:09]  ｵｱﾇｰﾊｵｼﾊﾊｱｼ茱ｺ175S
[2024-05-06 14:34:10]  ｵｱﾇｰﾊｵｼﾊﾊｱｼ茱ｺ176S
[2024-05-06 14:34:11]  ｵｱﾇｰﾊｵｼﾊﾊｱｼ茱ｺ178S
[2024-05-06 14:34:13]  ｵｱﾇｰﾊｵｼﾊﾊｱｼ茱ｺ179S
[2024-05-06 14:34:14]  =~=~=~=~=~=~=~=~=~=~=~= MobaXterm log 2024.05.06 14:34:24 =~=~=~=~=~=~=~=~=~=~=~=
    
[2024-05-06 14:34:24]                        MobaXterm Personal Edition v22.1                  
[2024-05-06 14:34:24]                     (SSH client, X server and network tools)               
[2024-05-06 14:34:24]                                                                            
[2024-05-06 14:34:24]        Telnet session to RTT@127.0.0.1                                    
[2024-05-06 14:34:24]        Your DISPLAY is set to 192.168.4.118:0.0                           
[2024-05-06 14:34:24]        For more info, ctrl+click on help or visit our website.            
[2024-05-06 14:34:24]      
[2024-05-06 14:34:24]  
[2024-05-06 14:34:24]  SEGGER J-Link V7.94b - Real time terminal output
[2024-05-06 14:34:24]  SEGGER J-Link V9.4, SN=99451626
[2024-05-06 14:34:24]  Process: JLinkRTTViewer.exe
[2024-05-06 14:34:24]  
[2024-05-06 14:34:24]  
[2024-05-06 14:34:24]  
[2024-05-06 14:34:24]  Session stopped
[2024-05-06 14:34:24]      - Press <return> to exit tab
[2024-05-06 14:34:24]      - Press R to restart session
[2024-05-06 14:34:24]      - Press S to save terminal output to file
[2024-05-06 14:34:24]  =~=~=~=~=~=~=~=~=~=~=~= MobaXterm log 2024.05.06 14:34:36 =~=~=~=~=~=~=~=~=~=~=~=
    
[2024-05-06 14:34:36]                        MobaXterm Personal Edition v22.1                  
[2024-05-06 14:34:36]                     (SSH client, X server and network tools)               
[2024-05-06 14:34:36]                                                                            
[2024-05-06 14:34:36]        Telnet session to RTT@127.0.0.1                                    
[2024-05-06 14:34:36]        Your DISPLAY is set to 192.168.4.118:0.0                           
[2024-05-06 14:34:36]        For more info, ctrl+click on help or visit our website.            
[2024-05-06 14:34:36]      
[2024-05-06 14:34:36]  
[2024-05-06 14:34:36]  SEGGER J-Link V7.94b - Real time terminal output
[2024-05-06 14:34:36]  SEGGER J-Link V9.4, SN=99451626
[2024-05-06 14:34:36]  Process: JLinkRTTViewer.exe
[2024-05-06 14:34:36]  ｵｱﾇｰﾊｵｼﾊﾊｱｼ茱ｺ20S
[2024-05-06 14:34:36]  ｵｱﾇｰﾊｵｼﾊﾊｱｼ茱ｺ21S
[2024-05-06 14:34:37]  ｵｱﾇｰﾊｵｼﾊﾊｱｼ茱ｺ22S
[2024-05-06 14:34:38]  ｵｱﾇｰﾊｵｼﾊﾊｱｼ茱ｺ23S
[2024-05-06 14:34:39]  ｵｱﾇｰﾊｵｼﾊﾊｱｼ茱ｺ25S
[2024-05-06 14:34:41]  ｵｱﾇｰﾊｵｼﾊﾊｱｼ茱ｺ26S
[2024-05-06 14:34:42]  ｵｱﾇｰﾊｵｼﾊﾊｱｼ茱ｺ27S
[2024-05-06 14:34:43]  ｵｱﾇｰﾊｵｼﾊﾊｱｼ茱ｺ28S
[2024-05-06 14:34:44]  ｵｱﾇｰﾊｵｼﾊﾊｱｼ茱ｺ30S
[2024-05-06 14:34:46]  ｵｱﾇｰﾊｵｼﾊﾊｱｼ茱ｺ31S
[2024-05-06 14:34:47]  ｵｱﾇｰﾊｵｼﾊﾊｱｼ茱ｺ32S
[2024-05-06 14:34:48]  ｵｱﾇｰﾊｵｼﾊﾊｱｼ茱ｺ33S
[2024-05-06 14:34:49]  ｵｱﾇｰﾊｵｼﾊﾊｱｼ茱ｺ34S
[2024-05-06 14:34:50]  ｵｱﾇｰﾊｵｼﾊﾊｱｼ茱ｺ35S
[2024-05-06 14:34:51]  ｵｱﾇｰﾊｵｼﾊﾊｱｼ茱ｺ36S
[2024-05-06 14:34:52]  ｵｱﾇｰﾊｵｼﾊﾊｱｼ茱ｺ37S
[2024-05-06 14:34:53]  ｵｱﾇｰﾊｵｼﾊﾊｱｼ茱ｺ38S
[2024-05-06 14:34:54]  ｵｱﾇｰﾊｵｼﾊﾊｱｼ茱ｺ39S
[2024-05-06 14:34:55]  ｵｱﾇｰﾊｵｼﾊﾊｱｼ茱ｺ40S
[2024-05-06 14:34:56]  ｵｱﾇｰﾊｵｼﾊﾊｱｼ茱ｺ41S
[2024-05-06 14:34:57]  ｵｱﾇｰﾊｵｼﾊﾊｱｼ茱ｺ42S
[2024-05-06 14:34:58]  ｵｱﾇｰﾊｵｼﾊﾊｱｼ茱ｺ43S
[2024-05-06 14:34:59]  ｵｱﾇｰﾊｵｼﾊﾊｱｼ茱ｺ44S
[2024-05-06 14:35:00]  ｵｱﾇｰﾊｵｼﾊﾊｱｼ茱ｺ45S
[2024-05-06 14:35:01]  ｵｱﾇｰﾊｵｼﾊﾊｱｼ茱ｺ46S
[2024-05-06 14:35:02]  ｵｱﾇｰﾊｵｼﾊﾊｱｼ茱ｺ47S
[2024-05-06 14:35:03]  ｵｱﾇｰﾊｵｼﾊﾊｱｼ茱ｺ48S
[2024-05-06 14:35:04]  ｵｱﾇｰﾊｵｼﾊﾊｱｼ茱ｺ49S
[2024-05-06 14:35:05]  ｵｱﾇｰﾊｵｼﾊﾊｱｼ茱ｺ50S
[2024-05-06 14:35:06]  ｵｱﾇｰﾊｵｼﾊﾊｱｼ茱ｺ52S
[2024-05-06 14:35:08]  ｵｱﾇｰﾊｵｼﾊﾊｱｼ茱ｺ53S
[2024-05-06 14:35:09]  ｵｱﾇｰﾊｵｼﾊﾊｱｼ茱ｺ54S
[2024-05-06 14:35:10]  ｵｱﾇｰﾊｵｼﾊﾊｱｼ茱ｺ56S
[2024-05-06 14:35:12]  ｵｱﾇｰﾊｵｼﾊﾊｱｼ茱ｺ57S
[2024-05-06 14:35:13]  ｵｱﾇｰﾊｵｼﾊﾊｱｼ茱ｺ58S
[2024-05-06 14:35:14]  ｵｱﾇｰﾊｵｼﾊﾊｱｼ茱ｺ60S
[2024-05-06 14:35:16]  ｵｱﾇｰﾊｵｼﾊﾊｱｼ茱ｺ61S
[2024-05-06 14:35:17]  ｵｱﾇｰﾊｵｼﾊﾊｱｼ茱ｺ62S
[2024-05-06 14:35:18]  ｵｱﾇｰﾊｵｼﾊﾊｱｼ茱ｺ63S
[2024-05-06 14:35:19]  ｵｱﾇｰﾊｵｼﾊﾊｱｼ茱ｺ65S
[2024-05-06 14:35:21]  ｵｱﾇｰﾊｵｼﾊﾊｱｼ茱ｺ66S
[2024-05-06 14:35:22]  ｵｱﾇｰﾊｵｼﾊﾊｱｼ茱ｺ67S
[2024-05-06 14:35:23]  ｵｱﾇｰﾊｵｼﾊﾊｱｼ茱ｺ68S
[2024-05-06 14:35:24]  ｵｱﾇｰﾊｵｼﾊﾊｱｼ茱ｺ69S
[2024-05-06 14:35:25]  ｵｱﾇｰﾊｵｼﾊﾊｱｼ茱ｺ70S
[2024-05-06 14:35:26]  ｵｱﾇｰﾊｵｼﾊﾊｱｼ茱ｺ71S
[2024-05-06 14:35:27]  ｵｱﾇｰﾊｵｼﾊﾊｱｼ茱ｺ72S
[2024-05-06 14:35:28]  ｵｱﾇｰﾊｵｼﾊﾊｱｼ茱ｺ74S
[2024-05-06 14:35:30]  ｵｱﾇｰﾊｵｼﾊﾊｱｼ茱ｺ75S
[2024-05-06 14:35:31]  ｵｱﾇｰﾊｵｼﾊﾊｱｼ茱ｺ76S
[2024-05-06 14:35:32]  ｵｱﾇｰﾊｵｼﾊﾊｱｼ茱ｺ77S
[2024-05-06 14:35:33]  ｵｱﾇｰﾊｵｼﾊﾊｱｼ茱ｺ78S
[2024-05-06 14:35:34]  ｵｱﾇｰﾊｵｼﾊﾊｱｼ茱ｺ80S
[2024-05-06 14:35:36]  ｵｱﾇｰﾊｵｼﾊﾊｱｼ茱ｺ81S
[2024-05-06 14:35:37]  ｵｱﾇｰﾊｵｼﾊﾊｱｼ茱ｺ82S
[2024-05-06 14:35:38]  ｵｱﾇｰﾊｵｼﾊﾊｱｼ茱ｺ83S
[2024-05-06 14:35:39]  ｵｱﾇｰﾊｵｼﾊﾊｱｼ茱ｺ84S
[2024-05-06 14:35:40]  ｵｱﾇｰﾊｵｼﾊﾊｱｼ茱ｺ85S
[2024-05-06 14:35:41]  ｵｱﾇｰﾊｵｼﾊﾊｱｼ茱ｺ86S
[2024-05-06 14:35:42]  ｵｱﾇｰﾊｵｼﾊﾊｱｼ茱ｺ87S
[2024-05-06 14:35:43]  ｵｱﾇｰﾊｵｼﾊﾊｱｼ茱ｺ88S
[2024-05-06 14:35:44]  ｵｱﾇｰﾊｵｼﾊﾊｱｼ茱ｺ89S
[2024-05-06 14:35:45]  ｵｱﾇｰﾊｵｼﾊﾊｱｼ茱ｺ90S
[2024-05-06 14:35:46]  ｵｱﾇｰﾊｵｼﾊﾊｱｼ茱ｺ93S
[2024-05-06 14:35:49]  ｵｱﾇｰﾊｵｼﾊﾊｱｼ茱ｺ94S
[2024-05-06 14:35:50]  ｵｱﾇｰﾊｵｼﾊﾊｱｼ茱ｺ95S
[2024-05-06 14:35:51]  ｵｱﾇｰﾊｵｼﾊﾊｱｼ茱ｺ96S
[2024-05-06 14:35:52]  ｵｱﾇｰﾊｵｼﾊﾊｱｼ茱ｺ97S
[2024-05-06 14:35:53]  ｵｱﾇｰﾊｵｼﾊﾊｱｼ茱ｺ98S
[2024-05-06 14:35:54]  ｵｱﾇｰﾊｵｼﾊﾊｱｼ茱ｺ99S
[2024-05-06 14:35:55]  ｵｱﾇｰﾊｵｼﾊﾊｱｼ茱ｺ100S
[2024-05-06 14:35:56]  ｵｱﾇｰﾊｵｼﾊﾊｱｼ茱ｺ101S
[2024-05-06 14:35:57]  ｵｱﾇｰﾊｵｼﾊﾊｱｼ茱ｺ102S
[2024-05-06 14:35:58]  ｵｱﾇｰﾊｵｼﾊﾊｱｼ茱ｺ103S
[2024-05-06 14:35:59]  ｵｱﾇｰﾊｵｼﾊﾊｱｼ茱ｺ104S
[2024-05-06 14:36:00]  ｵｱﾇｰﾊｵｼﾊﾊｱｼ茱ｺ105S
[2024-05-06 14:36:01]  ｵｱﾇｰﾊｵｼﾊﾊｱｼ茱ｺ106S
[2024-05-06 14:36:02]  ｵｱﾇｰﾊｵｼﾊﾊｱｼ茱ｺ107S
[2024-05-06 14:36:03]  ｵｱﾇｰﾊｵｼﾊﾊｱｼ茱ｺ108S
[2024-05-06 14:36:04]  ｵｱﾇｰﾊｵｼﾊﾊｱｼ茱ｺ109S
[2024-05-06 14:36:05]  ｵｱﾇｰﾊｵｼﾊﾊｱｼ茱ｺ110S
[2024-05-06 14:36:06]  ｵｱﾇｰﾊｵｼﾊﾊｱｼ茱ｺ111S
[2024-05-06 14:36:07]  ｵｱﾇｰﾊｵｼﾊﾊｱｼ茱ｺ112S
[2024-05-06 14:36:08]  ｵｱﾇｰﾊｵｼﾊﾊｱｼ茱ｺ113S
[2024-05-06 14:36:09]  ｵｱﾇｰﾊｵｼﾊﾊｱｼ茱ｺ114S
[2024-05-06 14:36:10]  ｵｱﾇｰﾊｵｼﾊﾊｱｼ茱ｺ115S
[2024-05-06 14:36:11]  ｵｱﾇｰﾊｵｼﾊﾊｱｼ茱ｺ116S
[2024-05-06 14:36:12]  ｵｱﾇｰﾊｵｼﾊﾊｱｼ茱ｺ117S
[2024-05-06 14:36:13]  ｵｱﾇｰﾊｵｼﾊﾊｱｼ茱ｺ118S
[2024-05-06 14:36:14]  ｵｱﾇｰﾊｵｼﾊﾊｱｼ茱ｺ119S
[2024-05-06 14:36:15]  ｵｱﾇｰﾊｵｼﾊﾊｱｼ茱ｺ120S
[2024-05-06 14:36:16]  ｵｱﾇｰﾊｵｼﾊﾊｱｼ茱ｺ121S
[2024-05-06 14:36:17]  ｵｱﾇｰﾊｵｼﾊﾊｱｼ茱ｺ122S
[2024-05-06 14:36:18]  ｵｱﾇｰﾊｵｼﾊﾊｱｼ茱ｺ123S
[2024-05-06 14:36:19]  ｵｱﾇｰﾊｵｼﾊﾊｱｼ茱ｺ124S
[2024-05-06 14:36:20]  ｵｱﾇｰﾊｵｼﾊﾊｱｼ茱ｺ125S
[2024-05-06 14:36:21]  ｵｱﾇｰﾊｵｼﾊﾊｱｼ茱ｺ126S
[2024-05-06 14:36:22]  ｵｱﾇｰﾊｵｼﾊﾊｱｼ茱ｺ127S
[2024-05-06 14:36:23]  ｵｱﾇｰﾊｵｼﾊﾊｱｼ茱ｺ128S
[2024-05-06 14:36:24]  ｵｱﾇｰﾊｵｼﾊﾊｱｼ茱ｺ129S
[2024-05-06 14:36:25]  ｵｱﾇｰﾊｵｼﾊﾊｱｼ茱ｺ130S
[2024-05-06 14:36:26]  ｵｱﾇｰﾊｵｼﾊﾊｱｼ茱ｺ131S
[2024-05-06 14:36:27]  ｵｱﾇｰﾊｵｼﾊﾊｱｼ茱ｺ132S
[2024-05-06 14:36:28]  ｵｱﾇｰﾊｵｼﾊﾊｱｼ茱ｺ133S
[2024-05-06 14:36:29]  ｵｱﾇｰﾊｵｼﾊﾊｱｼ茱ｺ134S
[2024-05-06 14:36:30]  ｵｱﾇｰﾊｵｼﾊﾊｱｼ茱ｺ135S
[2024-05-06 14:36:31]  ｵｱﾇｰﾊｵｼﾊﾊｱｼ茱ｺ136S
[2024-05-06 14:36:32]  ｵｱﾇｰﾊｵｼﾊﾊｱｼ茱ｺ137S
[2024-05-06 14:36:33]  ｵｱﾇｰﾊｵｼﾊﾊｱｼ茱ｺ138S
[2024-05-06 14:36:34]  ｵｱﾇｰﾊｵｼﾊﾊｱｼ茱ｺ139S
[2024-05-06 14:36:35]  ｵｱﾇｰﾊｵｼﾊﾊｱｼ茱ｺ140S
[2024-05-06 14:36:36]  ｵｱﾇｰﾊｵｼﾊﾊｱｼ茱ｺ141S
[2024-05-06 14:36:37]  ｵｱﾇｰﾊｵｼﾊﾊｱｼ茱ｺ142S
[2024-05-06 14:36:38]  ｵｱﾇｰﾊｵｼﾊﾊｱｼ茱ｺ143S
[2024-05-06 14:36:39]  ｵｱﾇｰﾊｵｼﾊﾊｱｼ茱ｺ144S
[2024-05-06 14:36:40]  ｵｱﾇｰﾊｵｼﾊﾊｱｼ茱ｺ145S
[2024-05-06 14:36:41]  ｵｱﾇｰﾊｵｼﾊﾊｱｼ茱ｺ146S
[2024-05-06 14:36:42]  ｵｱﾇｰﾊｵｼﾊﾊｱｼ茱ｺ147S
[2024-05-06 14:36:43]  ｵｱﾇｰﾊｵｼﾊﾊｱｼ茱ｺ148S
[2024-05-06 14:36:44]  ｵｱﾇｰﾊｵｼﾊﾊｱｼ茱ｺ149S
[2024-05-06 14:36:45]  ｵｱﾇｰﾊｵｼﾊﾊｱｼ茱ｺ150S
[2024-05-06 14:36:46]  ｵｱﾇｰﾊｵｼﾊﾊｱｼ茱ｺ151S
[2024-05-06 14:36:47]  ｵｱﾇｰﾊｵｼﾊﾊｱｼ茱ｺ152S
[2024-05-06 14:36:48]  ｵｱﾇｰﾊｵｼﾊﾊｱｼ茱ｺ153S
[2024-05-06 14:36:49]  ｵｱﾇｰﾊｵｼﾊﾊｱｼ茱ｺ154S
[2024-05-06 14:36:50]  ｵｱﾇｰﾊｵｼﾊﾊｱｼ茱ｺ155S
[2024-05-06 14:36:51]  ｵｱﾇｰﾊｵｼﾊﾊｱｼ茱ｺ156S
[2024-05-06 14:36:52]  ｵｱﾇｰﾊｵｼﾊﾊｱｼ茱ｺ157S
[2024-05-06 14:36:53]  ｵｱﾇｰﾊｵｼﾊﾊｱｼ茱ｺ158S
[2024-05-06 14:36:54]  ｵｱﾇｰﾊｵｼﾊﾊｱｼ茱ｺ159S
[2024-05-06 14:36:55]  ｵｱﾇｰﾊｵｼﾊﾊｱｼ茱ｺ160S
[2024-05-06 14:36:56]  ｵｱﾇｰﾊｵｼﾊﾊｱｼ茱ｺ161S
[2024-05-06 14:36:57]  ｵｱﾇｰﾊｵｼﾊﾊｱｼ茱ｺ162S
[2024-05-06 14:36:58]  ｵｱﾇｰﾊｵｼﾊﾊｱｼ茱ｺ164S
[2024-05-06 14:37:00]  ｵｱﾇｰﾊｵｼﾊﾊｱｼ茱ｺ165S
[2024-05-06 14:37:01]  ｵｱﾇｰﾊｵｼﾊﾊｱｼ茱ｺ166S
[2024-05-06 14:37:02]  ｵｱﾇｰﾊｵｼﾊﾊｱｼ茱ｺ167S
[2024-05-06 14:37:03]  ｵｱﾇｰﾊｵｼﾊﾊｱｼ茱ｺ169S
[2024-05-06 14:37:05]  ｵｱﾇｰﾊｵｼﾊﾊｱｼ茱ｺ170S
[2024-05-06 14:37:06]  ｵｱﾇｰﾊｵｼﾊﾊｱｼ茱ｺ171S
[2024-05-06 14:37:07]  ｵｱﾇｰﾊｵｼﾊﾊｱｼ茱ｺ172S
[2024-05-06 14:37:08]  ｵｱﾇｰﾊｵｼﾊﾊｱｼ茱ｺ174S
[2024-05-06 14:37:10]  ｵｱﾇｰﾊｵｼﾊﾊｱｼ茱ｺ175S
[2024-05-06 14:37:11]  ｵｱﾇｰﾊｵｼﾊﾊｱｼ茱ｺ176S
[2024-05-06 14:37:12]  ｵｱﾇｰﾊｵｼﾊﾊｱｼ茱ｺ177S
[2024-05-06 14:37:13]  ｵｱﾇｰﾊｵｼﾊﾊｱｼ茱ｺ178S
[2024-05-06 14:37:14]  ｵｱﾇｰﾊｵｼﾊﾊｱｼ茱ｺ179S
[2024-05-06 14:37:15]  ｵｱﾇｰﾊｵｼﾊﾊｱｼ茱ｺ180S
[2024-05-06 14:37:16]  ｵｱﾇｰﾊｵｼﾊﾊｱｼ茱ｺ181S
[2024-05-06 14:37:17]  ｵｱﾇｰﾊｵｼﾊﾊｱｼ茱ｺ182S
[2024-05-06 14:37:18]  ｵｱﾇｰﾊｵｼﾊﾊｱｼ茱ｺ183S
[2024-05-06 14:37:19]  ｵｱﾇｰﾊｵｼﾊﾊｱｼ茱ｺ184S
[2024-05-06 14:37:20]  ｵｱﾇｰﾊｵｼﾊﾊｱｼ茱ｺ185S
[2024-05-06 14:37:21]  ｵｱﾇｰﾊｵｼﾊﾊｱｼ茱ｺ186S
[2024-05-06 14:37:22]  ｵｱﾇｰﾊｵｼﾊﾊｱｼ茱ｺ187S
[2024-05-06 14:37:23]  ｵｱﾇｰﾊｵｼﾊﾊｱｼ茱ｺ188S
[2024-05-06 14:37:24]  ｵｱﾇｰﾊｵｼﾊﾊｱｼ茱ｺ189S
[2024-05-06 14:37:25]  ｵｱﾇｰﾊｵｼﾊﾊｱｼ茱ｺ190S
[2024-05-06 14:37:26]  ｵｱﾇｰﾊｵｼﾊﾊｱｼ茱ｺ191S
[2024-05-06 14:37:27]  ｵｱﾇｰﾊｵｼﾊﾊｱｼ茱ｺ193S
[2024-05-06 14:37:29]  ｵｱﾇｰﾊｵｼﾊﾊｱｼ茱ｺ194S
[2024-05-06 14:37:30]  ｵｱﾇｰﾊｵｼﾊﾊｱｼ茱ｺ195S
[2024-05-06 14:37:31]  ｵｱﾇｰﾊｵｼﾊﾊｱｼ茱ｺ196S
[2024-05-06 14:37:32]  ｵｱﾇｰﾊｵｼﾊﾊｱｼ茱ｺ198S
[2024-05-06 14:37:34]  ｵｱﾇｰﾊｵｼﾊﾊｱｼ茱ｺ199S
[2024-05-06 14:37:35]  ｵｱﾇｰﾊｵｼﾊﾊｱｼ茱ｺ200S
[2024-05-06 14:37:36]  ｵｱﾇｰﾊｵｼﾊﾊｱｼ茱ｺ201S
[2024-05-06 14:37:37]  ｵｱﾇｰﾊｵｼﾊﾊｱｼ茱ｺ203S
[2024-05-06 14:37:39]  ｵｱﾇｰﾊｵｼﾊﾊｱｼ茱ｺ204S
[2024-05-06 14:37:40]  ｵｱﾇｰﾊｵｼﾊﾊｱｼ茱ｺ205S
[2024-05-06 14:37:41]  ｵｱﾇｰﾊｵｼﾊﾊｱｼ茱ｺ207S
[2024-05-06 14:37:43]  ｵｱﾇｰﾊｵｼﾊﾊｱｼ茱ｺ208S
[2024-05-06 14:37:44]  ｵｱﾇｰﾊｵｼﾊﾊｱｼ茱ｺ209S
[2024-05-06 14:37:45]  ｵｱﾇｰﾊｵｼﾊﾊｱｼ茱ｺ211S
[2024-05-06 14:37:47]  ｵｱﾇｰﾊｵｼﾊﾊｱｼ茱ｺ212S
[2024-05-06 14:37:48]  ｵｱﾇｰﾊｵｼﾊﾊｱｼ茱ｺ213S
[2024-05-06 14:37:49]  ｵｱﾇｰﾊｵｼﾊﾊｱｼ茱ｺ215S
[2024-05-06 14:37:51]  ｵｱﾇｰﾊｵｼﾊﾊｱｼ茱ｺ216S
[2024-05-06 14:37:52]  ｵｱﾇｰﾊｵｼﾊﾊｱｼ茱ｺ217S
[2024-05-06 14:37:53]  ｵｱﾇｰﾊｵｼﾊﾊｱｼ茱ｺ218S
[2024-05-06 14:37:54]  ｵｱﾇｰﾊｵｼﾊﾊｱｼ茱ｺ219S
[2024-05-06 14:37:55]  ｵｱﾇｰﾊｵｼﾊﾊｱｼ茱ｺ220S
[2024-05-06 14:37:56]  ｵｱﾇｰﾊｵｼﾊﾊｱｼ茱ｺ221S
[2024-05-06 14:37:57]  ｵｱﾇｰﾊｵｼﾊﾊｱｼ茱ｺ222S
[2024-05-06 14:37:58]  ｵｱﾇｰﾊｵｼﾊﾊｱｼ茱ｺ223S
[2024-05-06 14:37:59]  ｵｱﾇｰﾊｵｼﾊﾊｱｼ茱ｺ224S
[2024-05-06 14:38:00]  ｵｱﾇｰﾊｵｼﾊﾊｱｼ茱ｺ225S
[2024-05-06 14:38:01]  ｵｱﾇｰﾊｵｼﾊﾊｱｼ茱ｺ226S
[2024-05-06 14:38:02]  ｵｱﾇｰﾊｵｼﾊﾊｱｼ茱ｺ227S
[2024-05-06 14:38:03]  ｵｱﾇｰﾊｵｼﾊﾊｱｼ茱ｺ228S
[2024-05-06 14:38:04]  ｵｱﾇｰﾊｵｼﾊﾊｱｼ茱ｺ229S
[2024-05-06 14:38:05]  ｵｱﾇｰﾊｵｼﾊﾊｱｼ茱ｺ230S
[2024-05-06 14:38:06]  ｵｱﾇｰﾊｵｼﾊﾊｱｼ茱ｺ231S
[2024-05-06 14:38:07]  ｵｱﾇｰﾊｵｼﾊﾊｱｼ茱ｺ232S
[2024-05-06 14:38:08]  ｵｱﾇｰﾊｵｼﾊﾊｱｼ茱ｺ233S
[2024-05-06 14:38:09]  ｵｱﾇｰﾊｵｼﾊﾊｱｼ茱ｺ234S
[2024-05-06 14:38:10]  ｵｱﾇｰﾊｵｼﾊﾊｱｼ茱ｺ235S
[2024-05-06 14:38:11]  ｵｱﾇｰﾊｵｼﾊﾊｱｼ茱ｺ237S
[2024-05-06 14:38:13]  ｵｱﾇｰﾊｵｼﾊﾊｱｼ茱ｺ238S
[2024-05-06 14:38:14]  ｵｱﾇｰﾊｵｼﾊﾊｱｼ茱ｺ239S
[2024-05-06 14:38:15]  ｵｱﾇｰﾊｵｼﾊﾊｱｼ茱ｺ240S
[2024-05-06 14:38:16]  ｵｱﾇｰﾊｵｼﾊﾊｱｼ茱ｺ241S
[2024-05-06 14:38:17]  ｵｱﾇｰﾊｵｼﾊﾊｱｼ茱ｺ242S
[2024-05-06 14:38:18]  ｵｱﾇｰﾊｵｼﾊﾊｱｼ茱ｺ243S
[2024-05-06 14:38:19]  ｵｱﾇｰﾊｵｼﾊﾊｱｼ茱ｺ244S
[2024-05-06 14:38:20]  ｵｱﾇｰﾊｵｼﾊﾊｱｼ茱ｺ245S
[2024-05-06 14:38:21]  ｵｱﾇｰﾊｵｼﾊﾊｱｼ茱ｺ247S
[2024-05-06 14:38:23]  ｵｱﾇｰﾊｵｼﾊﾊｱｼ茱ｺ248S
[2024-05-06 14:38:24]  ｵｱﾇｰﾊｵｼﾊﾊｱｼ茱ｺ249S
[2024-05-06 14:38:25]  ｵｱﾇｰﾊｵｼﾊﾊｱｼ茱ｺ250S
[2024-05-06 14:38:26]  ｵｱﾇｰﾊｵｼﾊﾊｱｼ茱ｺ252S
[2024-05-06 14:38:28]  ｵｱﾇｰﾊｵｼﾊﾊｱｼ茱ｺ253S
[2024-05-06 14:38:29]  ｵｱﾇｰﾊｵｼﾊﾊｱｼ茱ｺ254S
[2024-05-06 14:38:30]  ｵｱﾇｰﾊｵｼﾊﾊｱｼ茱ｺ255S
[2024-05-06 14:38:31]  ｵｱﾇｰﾊｵｼﾊﾊｱｼ茱ｺ256S
[2024-05-06 14:38:32]  ｵｱﾇｰﾊｵｼﾊﾊｱｼ茱ｺ257S
[2024-05-06 14:38:33]  ｵｱﾇｰﾊｵｼﾊﾊｱｼ茱ｺ258S
[2024-05-06 14:38:34]  ｵｱﾇｰﾊｵｼﾊﾊｱｼ茱ｺ259S
[2024-05-06 14:38:35]  ｵｱﾇｰﾊｵｼﾊﾊｱｼ茱ｺ261S
[2024-05-06 14:38:37]  ｵｱﾇｰﾊｵｼﾊﾊｱｼ茱ｺ262S
[2024-05-06 14:38:38]  ｵｱﾇｰﾊｵｼﾊﾊｱｼ茱ｺ263S
[2024-05-06 14:38:39]  ｵｱﾇｰﾊｵｼﾊﾊｱｼ茱ｺ264S
[2024-05-06 14:38:40]  ｵｱﾇｰﾊｵｼﾊﾊｱｼ茱ｺ265S
[2024-05-06 14:38:41]  ｵｱﾇｰﾊｵｼﾊﾊｱｼ茱ｺ266S
[2024-05-06 14:38:42]  ｵｱﾇｰﾊｵｼﾊﾊｱｼ茱ｺ267S
[2024-05-06 14:38:43]  ｵｱﾇｰﾊｵｼﾊﾊｱｼ茱ｺ269S
[2024-05-06 14:38:45]  ｵｱﾇｰﾊｵｼﾊﾊｱｼ茱ｺ270S
[2024-05-06 14:38:46]  ｵｱﾇｰﾊｵｼﾊﾊｱｼ茱ｺ271S
[2024-05-06 14:38:47]  ｵｱﾇｰﾊｵｼﾊﾊｱｼ茱ｺ272S
[2024-05-06 14:38:48]  ｵｱﾇｰﾊｵｼﾊﾊｱｼ茱ｺ273S
[2024-05-06 14:38:49]  ｵｱﾇｰﾊｵｼﾊﾊｱｼ茱ｺ274S
[2024-05-06 14:38:50]  ｵｱﾇｰﾊｵｼﾊﾊｱｼ茱ｺ275S
[2024-05-06 14:38:51]  ｵｱﾇｰﾊｵｼﾊﾊｱｼ茱ｺ276S
[2024-05-06 14:38:52]  ｵｱﾇｰﾊｵｼﾊﾊｱｼ茱ｺ277S
[2024-05-06 14:38:53]  ｵｱﾇｰﾊｵｼﾊﾊｱｼ茱ｺ278S
[2024-05-06 14:38:54]  ｵｱﾇｰﾊｵｼﾊﾊｱｼ茱ｺ279S
[2024-05-06 14:38:55]  ｵｱﾇｰﾊｵｼﾊﾊｱｼ茱ｺ280S
[2024-05-06 14:38:56]  ｵｱﾇｰﾊｵｼﾊﾊｱｼ茱ｺ281S
[2024-05-06 14:38:57]  ｵｱﾇｰﾊｵｼﾊﾊｱｼ茱ｺ282S
[2024-05-06 14:38:58]  ｵｱﾇｰﾊｵｼﾊﾊｱｼ茱ｺ284S
[2024-05-06 14:39:00]  ｵｱﾇｰﾊｵｼﾊﾊｱｼ茱ｺ285S
[2024-05-06 14:39:01]  ｵｱﾇｰﾊｵｼﾊﾊｱｼ茱ｺ286S
[2024-05-06 14:39:02]  ｵｱﾇｰﾊｵｼﾊﾊｱｼ茱ｺ288S
[2024-05-06 14:39:04]  ｵｱﾇｰﾊｵｼﾊﾊｱｼ茱ｺ289S
[2024-05-06 14:39:05]  ｵｱﾇｰﾊｵｼﾊﾊｱｼ茱ｺ290S
[2024-05-06 14:39:06]  ｵｱﾇｰﾊｵｼﾊﾊｱｼ茱ｺ291S
[2024-05-06 14:39:07]  ｵｱﾇｰﾊｵｼﾊﾊｱｼ茱ｺ292S
[2024-05-06 14:39:08]  ｵｱﾇｰﾊｵｼﾊﾊｱｼ茱ｺ293S
[2024-05-06 14:39:09]  ｵｱﾇｰﾊｵｼﾊﾊｱｼ茱ｺ294S
[2024-05-06 14:39:10]  ｵｱﾇｰﾊｵｼﾊﾊｱｼ茱ｺ295S
[2024-05-06 14:39:11]  ｵｱﾇｰﾊｵｼﾊﾊｱｼ茱ｺ296S
[2024-05-06 14:39:12]  ｵｱﾇｰﾊｵｼﾊﾊｱｼ茱ｺ298S
[2024-05-06 14:39:14]  ｵｱﾇｰﾊｵｼﾊﾊｱｼ茱ｺ299S
[2024-05-06 14:39:15]  ｵｱﾇｰﾊｵｼﾊﾊｱｼ茱ｺ300S
[2024-05-06 14:39:16]  ｵｱﾇｰﾊｵｼﾊﾊｱｼ茱ｺ301S
[2024-05-06 14:39:17]  ｵｱﾇｰﾊｵｼﾊﾊｱｼ茱ｺ302S
[2024-05-06 14:39:18]  ｵｱﾇｰﾊｵｼﾊﾊｱｼ茱ｺ303S
[2024-05-06 14:39:19]  ｵｱﾇｰﾊｵｼﾊﾊｱｼ茱ｺ304S
[2024-05-06 14:39:20]  ｵｱﾇｰﾊｵｼﾊﾊｱｼ茱ｺ305S
[2024-05-06 14:39:21]  ｵｱﾇｰﾊｵｼﾊﾊｱｼ茱ｺ306S
[2024-05-06 14:39:22]  ｵｱﾇｰﾊｵｼﾊﾊｱｼ茱ｺ307S
[2024-05-06 14:39:23]  ｵｱﾇｰﾊｵｼﾊﾊｱｼ茱ｺ308S
[2024-05-06 14:39:24]  ｵｱﾇｰﾊｵｼﾊﾊｱｼ茱ｺ309S
[2024-05-06 14:39:25]  ｵｱﾇｰﾊｵｼﾊﾊｱｼ茱ｺ310S
[2024-05-06 14:39:26]  ｵｱﾇｰﾊｵｼﾊﾊｱｼ茱ｺ312S
[2024-05-06 14:39:28]  ｵｱﾇｰﾊｵｼﾊﾊｱｼ茱ｺ313S
[2024-05-06 14:39:29]  ｵｱﾇｰﾊｵｼﾊﾊｱｼ茱ｺ314S
[2024-05-06 14:39:30]  ｵｱﾇｰﾊｵｼﾊﾊｱｼ茱ｺ315S
[2024-05-06 14:39:31]  ｵｱﾇｰﾊｵｼﾊﾊｱｼ茱ｺ317S
[2024-05-06 14:39:33]  ｵｱﾇｰﾊｵｼﾊﾊｱｼ茱ｺ318S
[2024-05-06 14:39:34]  ｵｱﾇｰﾊｵｼﾊﾊｱｼ茱ｺ319S
[2024-05-06 14:39:35]  ｵｱﾇｰﾊｵｼﾊﾊｱｼ茱ｺ320S
[2024-05-06 14:39:36]  ｵｱﾇｰﾊｵｼﾊﾊｱｼ茱ｺ321S
[2024-05-06 14:39:37]  ｵｱﾇｰﾊｵｼﾊﾊｱｼ茱ｺ322S
[2024-05-06 14:39:38]  ｵｱﾇｰﾊｵｼﾊﾊｱｼ茱ｺ323S
[2024-05-06 14:39:39]  ｵｱﾇｰﾊｵｼﾊﾊｱｼ茱ｺ324S
[2024-05-06 14:39:40]  ｵｱﾇｰﾊｵｼﾊﾊｱｼ茱ｺ325S
[2024-05-06 14:39:41]  ｵｱﾇｰﾊｵｼﾊﾊｱｼ茱ｺ326S
[2024-05-06 14:39:42]  ｵｱﾇｰﾊｵｼﾊﾊｱｼ茱ｺ327S
[2024-05-06 14:39:43]  ｵｱﾇｰﾊｵｼﾊﾊｱｼ茱ｺ328S
[2024-05-06 14:39:44]  ｵｱﾇｰﾊｵｼﾊﾊｱｼ茱ｺ329S
[2024-05-06 14:39:45]  ｵｱﾇｰﾊｵｼﾊﾊｱｼ茱ｺ330S
[2024-05-06 14:39:46]  ｵｱﾇｰﾊｵｼﾊﾊｱｼ茱ｺ332S
[2024-05-06 14:39:48]  ｵｱﾇｰﾊｵｼﾊﾊｱｼ茱ｺ333S
[2024-05-06 14:39:49]  ｵｱﾇｰﾊｵｼﾊﾊｱｼ茱ｺ334S
[2024-05-06 14:39:50]  ｵｱﾇｰﾊｵｼﾊﾊｱｼ茱ｺ335S
[2024-05-06 14:39:51]  ｵｱﾇｰﾊｵｼﾊﾊｱｼ茱ｺ336S
[2024-05-06 14:39:52]  ｵｱﾇｰﾊｵｼﾊﾊｱｼ茱ｺ337S
[2024-05-06 14:39:53]  ｵｱﾇｰﾊｵｼﾊﾊｱｼ茱ｺ338S
[2024-05-06 14:39:54]  ｵｱﾇｰﾊｵｼﾊﾊｱｼ茱ｺ339S
[2024-05-06 14:39:55]  ｵｱﾇｰﾊｵｼﾊﾊｱｼ茱ｺ340S
[2024-05-06 14:39:56]  ｵｱﾇｰﾊｵｼﾊﾊｱｼ茱ｺ341S
[2024-05-06 14:39:57]  ｵｱﾇｰﾊｵｼﾊﾊｱｼ茱ｺ342S
[2024-05-06 14:39:58]  ｵｱﾇｰﾊｵｼﾊﾊｱｼ茱ｺ343S
[2024-05-06 14:39:59]  ｵｱﾇｰﾊｵｼﾊﾊｱｼ茱ｺ345S
[2024-05-06 14:40:01]  ｵｱﾇｰﾊｵｼﾊﾊｱｼ茱ｺ346S
[2024-05-06 14:40:02]  ｵｱﾇｰﾊｵｼﾊﾊｱｼ茱ｺ347S
[2024-05-06 14:40:03]  ｵｱﾇｰﾊｵｼﾊﾊｱｼ茱ｺ348S
[2024-05-06 14:40:04]  ｵｱﾇｰﾊｵｼﾊﾊｱｼ茱ｺ349S
[2024-05-06 14:40:05]  ｵｱﾇｰﾊｵｼﾊﾊｱｼ茱ｺ350S
[2024-05-06 14:40:06]  ｵｱﾇｰﾊｵｼﾊﾊｱｼ茱ｺ351S
[2024-05-06 14:40:07]  ｵｱﾇｰﾊｵｼﾊﾊｱｼ茱ｺ352S
[2024-05-06 14:40:08]  ｵｱﾇｰﾊｵｼﾊﾊｱｼ茱ｺ353S
[2024-05-06 14:40:09]  ｵｱﾇｰﾊｵｼﾊﾊｱｼ茱ｺ354S
[2024-05-06 14:40:10]  ｵｱﾇｰﾊｵｼﾊﾊｱｼ茱ｺ355S
[2024-05-06 14:40:11]  ｵｱﾇｰﾊｵｼﾊﾊｱｼ茱ｺ356S
[2024-05-06 14:40:12]  ｵｱﾇｰﾊｵｼﾊﾊｱｼ茱ｺ357S
[2024-05-06 14:40:13]  ｵｱﾇｰﾊｵｼﾊﾊｱｼ茱ｺ358S
[2024-05-06 14:40:14]  ｵｱﾇｰﾊｵｼﾊﾊｱｼ茱ｺ359S
[2024-05-06 14:40:15]  
[2024-05-06 14:41:41]  
[2024-05-06 14:41:41]  
[2024-05-06 14:41:41]  Session stopped
[2024-05-06 14:41:41]      - Press <return> to exit tab
[2024-05-06 14:41:41]      - Press R to restart session
[2024-05-06 14:41:41]      - Press S to save terminal output to file
[2024-05-06 14:41:41]  =~=~=~=~=~=~=~=~=~=~=~= MobaXterm log 2024.05.06 14:42:18 =~=~=~=~=~=~=~=~=~=~=~=
    
[2024-05-06 14:42:18]                        MobaXterm Personal Edition v22.1                  
[2024-05-06 14:42:18]                     (SSH client, X server and network tools)               
[2024-05-06 14:42:18]                                                                            
[2024-05-06 14:42:18]        Telnet session to RTT@127.0.0.1                                    
[2024-05-06 14:42:18]        Your DISPLAY is set to 192.168.4.118:0.0                           
[2024-05-06 14:42:18]        For more info, ctrl+click on help or visit our website.            
[2024-05-06 14:42:18]      
[2024-05-06 14:42:18]  
[2024-05-06 14:42:18]  SEGGER J-Link V4.96d - Real time terminal output
[2024-05-06 14:42:18]  SEGGER J-Link ARM V9.4, SN=99451626
[2024-05-06 14:42:18]  Process: UV4.exe
[2024-05-06 14:42:18]  =~=~=~=~=~=~=~=~=~=~=~= MobaXterm log 2024.05.06 14:42:29 =~=~=~=~=~=~=~=~=~=~=~=
    
[2024-05-06 14:42:29]                        MobaXterm Personal Edition v22.1                  
[2024-05-06 14:42:29]                     (SSH client, X server and network tools)               
[2024-05-06 14:42:29]                                                                            
[2024-05-06 14:42:29]        Telnet session to RTT@127.0.0.1                                    
[2024-05-06 14:42:29]        Your DISPLAY is set to 192.168.4.118:0.0                           
[2024-05-06 14:42:29]        For more info, ctrl+click on help or visit our website.            
[2024-05-06 14:42:29]      
[2024-05-06 14:42:29]  
[2024-05-06 14:42:29]  SEGGER J-Link V4.96d - Real time terminal output
[2024-05-06 14:42:29]  SEGGER J-Link ARM V9.4, SN=99451626
[2024-05-06 14:42:29]  Process: UV4.exe
[2024-05-06 14:42:29]  
[2024-05-06 14:42:52]  
[2024-05-06 14:42:52]  
[2024-05-06 14:42:52]  Session stopped
[2024-05-06 14:42:52]      - Press <return> to exit tab
[2024-05-06 14:42:52]      - Press R to restart session
[2024-05-06 14:42:52]      - Press S to save terminal output to file
[2024-05-06 14:42:52]  =~=~=~=~=~=~=~=~=~=~=~= MobaXterm log 2024.05.06 14:43:19 =~=~=~=~=~=~=~=~=~=~=~=
    
[2024-05-06 14:43:19]                        MobaXterm Personal Edition v22.1                  
[2024-05-06 14:43:19]                     (SSH client, X server and network tools)               
[2024-05-06 14:43:19]                                                                            
[2024-05-06 14:43:19]        Telnet session to RTT@127.0.0.1                                    
[2024-05-06 14:43:19]        Your DISPLAY is set to 192.168.4.118:0.0                           
[2024-05-06 14:43:19]        For more info, ctrl+click on help or visit our website.            
[2024-05-06 14:43:19]      
[2024-05-06 14:43:19]  
[2024-05-06 14:43:19]  SEGGER J-Link V7.94b - Real time terminal output
[2024-05-06 14:43:19]  SEGGER J-Link V9.4, SN=99451626
[2024-05-06 14:43:19]  Process: JLinkRTTViewer.exe
[2024-05-06 14:43:19]  
[2024-05-06 14:43:39]  
[2024-05-06 14:43:39]  
[2024-05-06 14:43:39]  Session stopped
[2024-05-06 14:43:39]      - Press <return> to exit tab
[2024-05-06 14:43:39]      - Press R to restart session
[2024-05-06 14:43:39]      - Press S to save terminal output to file
[2024-05-06 14:43:39]  =~=~=~=~=~=~=~=~=~=~=~= MobaXterm log 2024.05.06 14:47:58 =~=~=~=~=~=~=~=~=~=~=~=
    
[2024-05-06 14:47:58]                        MobaXterm Personal Edition v22.1                  
[2024-05-06 14:47:58]                     (SSH client, X server and network tools)               
[2024-05-06 14:47:58]                                                                            
[2024-05-06 14:47:58]        Telnet session to RTT@127.0.0.1                                    
[2024-05-06 14:47:58]        Your DISPLAY is set to 192.168.4.118:0.0                           
[2024-05-06 14:47:58]        For more info, ctrl+click on help or visit our website.            
[2024-05-06 14:47:58]      
[2024-05-06 14:47:58]  
[2024-05-06 14:47:58]  SEGGER J-Link V7.94b - Real time terminal output
[2024-05-06 14:47:58]  SEGGER J-Link V9.4, SN=99451626
[2024-05-06 14:47:58]  Process: JLinkRTTViewer.exe
[2024-05-06 14:47:58]  ｵｱﾇｰﾊｵｼﾊﾊｱｼ茱ｺ1S
[2024-05-06 14:48:10]  ｵｱﾇｰﾊｵｼﾊﾊｱｼ茱ｺ2S
[2024-05-06 14:48:11]  ｵｱﾇｰﾊｵｼﾊﾊｱｼ茱ｺ3S
[2024-05-06 14:48:12]  ｵｱﾇｰﾊｵｼﾊﾊｱｼ茱ｺ4S
[2024-05-06 14:48:13]  ｵｱﾇｰﾊｵｼﾊﾊｱｼ茱ｺ5S
[2024-05-06 14:48:14]  ｵｱﾇｰﾊｵｼﾊﾊｱｼ茱ｺ6S
[2024-05-06 14:48:15]  ｵｱﾇｰﾊｵｼﾊﾊｱｼ茱ｺ7S
[2024-05-06 14:48:16]  ｵｱﾇｰﾊｵｼﾊﾊｱｼ茱ｺ9S
[2024-05-06 14:48:18]  ｵｱﾇｰﾊｵｼﾊﾊｱｼ茱ｺ10S
[2024-05-06 14:48:19]  ｵｱﾇｰﾊｵｼﾊﾊｱｼ茱ｺ11S
[2024-05-06 14:48:20]  ｵｱﾇｰﾊｵｼﾊﾊｱｼ茱ｺ13S
[2024-05-06 14:48:22]  ｵｱﾇｰﾊｵｼﾊﾊｱｼ茱ｺ14S
[2024-05-06 14:48:23]  ｵｱﾇｰﾊｵｼﾊﾊｱｼ茱ｺ15S
[2024-05-06 14:48:24]  ｵｱﾇｰﾊｵｼﾊﾊｱｼ茱ｺ17S
[2024-05-06 14:48:26]  ｵｱﾇｰﾊｵｼﾊﾊｱｼ茱ｺ18S
[2024-05-06 14:48:27]  ｵｱﾇｰﾊｵｼﾊﾊｱｼ茱ｺ19S
[2024-05-06 14:48:28]  ｵｱﾇｰﾊｵｼﾊﾊｱｼ茱ｺ20S
[2024-05-06 14:48:29]  ｵｱﾇｰﾊｵｼﾊﾊｱｼ茱ｺ21S
[2024-05-06 14:48:30]  ｵｱﾇｰﾊｵｼﾊﾊｱｼ茱ｺ22S
[2024-05-06 14:48:31]  ｵｱﾇｰﾊｵｼﾊﾊｱｼ茱ｺ23S
[2024-05-06 14:48:32]  ｵｱﾇｰﾊｵｼﾊﾊｱｼ茱ｺ25S
[2024-05-06 14:48:34]  ｵｱﾇｰﾊｵｼﾊﾊｱｼ茱ｺ26S
[2024-05-06 14:48:35]  ｵｱﾇｰﾊｵｼﾊﾊｱｼ茱ｺ27S
[2024-05-06 14:48:36]  ｵｱﾇｰﾊｵｼﾊﾊｱｼ茱ｺ28S
[2024-05-06 14:48:37]  ｵｱﾇｰﾊｵｼﾊﾊｱｼ茱ｺ30S
[2024-05-06 14:48:39]  ｵｱﾇｰﾊｵｼﾊﾊｱｼ茱ｺ31S
[2024-05-06 14:48:40]  ｵｱﾇｰﾊｵｼﾊﾊｱｼ茱ｺ32S
[2024-05-06 14:48:41]  ｵｱﾇｰﾊｵｼﾊﾊｱｼ茱ｺ33S
[2024-05-06 14:48:42]  ｵｱﾇｰﾊｵｼﾊﾊｱｼ茱ｺ35S
[2024-05-06 14:48:44]  ｵｱﾇｰﾊｵｼﾊﾊｱｼ茱ｺ36S
[2024-05-06 14:48:45]  ｵｱﾇｰﾊｵｼﾊﾊｱｼ茱ｺ37S
[2024-05-06 14:48:46]  ｵｱﾇｰﾊｵｼﾊﾊｱｼ茱ｺ39S
[2024-05-06 14:48:48]  ｵｱﾇｰﾊｵｼﾊﾊｱｼ茱ｺ41S
[2024-05-06 14:48:50]  ｵｱﾇｰﾊｵｼﾊﾊｱｼ茱ｺ42S
[2024-05-06 14:48:51]  ｵｱﾇｰﾊｵｼﾊﾊｱｼ茱ｺ43S
[2024-05-06 14:48:52]  ｵｱﾇｰﾊｵｼﾊﾊｱｼ茱ｺ45S
[2024-05-06 14:48:54]  ｵｱﾇｰﾊｵｼﾊﾊｱｼ茱ｺ47S
[2024-05-06 14:48:56]  ｵｱﾇｰﾊｵｼﾊﾊｱｼ茱ｺ48S
[2024-05-06 14:48:57]  ｵｱﾇｰﾊｵｼﾊﾊｱｼ茱ｺ49S
[2024-05-06 14:48:58]  ｵｱﾇｰﾊｵｼﾊﾊｱｼ茱ｺ50S
[2024-05-06 14:48:59]  ｵｱﾇｰﾊｵｼﾊﾊｱｼ茱ｺ51S
[2024-05-06 14:49:00]  ｵｱﾇｰﾊｵｼﾊﾊｱｼ茱ｺ52S
[2024-05-06 14:49:01]  ｵｱﾇｰﾊｵｼﾊﾊｱｼ茱ｺ53S
[2024-05-06 14:49:02]  ｵｱﾇｰﾊｵｼﾊﾊｱｼ茱ｺ54S
[2024-05-06 14:49:03]  ｵｱﾇｰﾊｵｼﾊﾊｱｼ茱ｺ55S
[2024-05-06 14:49:04]  ｵｱﾇｰﾊｵｼﾊﾊｱｼ茱ｺ57S
[2024-05-06 14:49:06]  ｵｱﾇｰﾊｵｼﾊﾊｱｼ茱ｺ58S
[2024-05-06 14:49:07]  ｵｱﾇｰﾊｵｼﾊﾊｱｼ茱ｺ59S
[2024-05-06 14:49:08]  ｵｱﾇｰﾊｵｼﾊﾊｱｼ茱ｺ60S
[2024-05-06 14:49:09]  ｵｱﾇｰﾊｵｼﾊﾊｱｼ茱ｺ61S
[2024-05-06 14:49:10]  ｵｱﾇｰﾊｵｼﾊﾊｱｼ茱ｺ62S
[2024-05-06 14:49:11]  ｵｱﾇｰﾊｵｼﾊﾊｱｼ茱ｺ63S
[2024-05-06 14:49:12]  ｵｱﾇｰﾊｵｼﾊﾊｱｼ茱ｺ64S
[2024-05-06 14:49:13]  ｵｱﾇｰﾊｵｼﾊﾊｱｼ茱ｺ65S
[2024-05-06 14:49:14]  ｵｱﾇｰﾊｵｼﾊﾊｱｼ茱ｺ66S
[2024-05-06 14:49:15]  ｵｱﾇｰﾊｵｼﾊﾊｱｼ茱ｺ67S
[2024-05-06 14:49:16]  ｵｱﾇｰﾊｵｼﾊﾊｱｼ茱ｺ68S
[2024-05-06 14:49:17]  ｵｱﾇｰﾊｵｼﾊﾊｱｼ茱ｺ70S
[2024-05-06 14:49:19]  ｵｱﾇｰﾊｵｼﾊﾊｱｼ茱ｺ71S
[2024-05-06 14:49:20]  ｵｱﾇｰﾊｵｼﾊﾊｱｼ茱ｺ72S
[2024-05-06 14:49:21]  ｵｱﾇｰﾊｵｼﾊﾊｱｼ茱ｺ73S
[2024-05-06 14:49:22]  ｵｱﾇｰﾊｵｼﾊﾊｱｼ茱ｺ74S
[2024-05-06 14:49:23]  ｵｱﾇｰﾊｵｼﾊﾊｱｼ茱ｺ76S
[2024-05-06 14:49:25]  ｵｱﾇｰﾊｵｼﾊﾊｱｼ茱ｺ77S
[2024-05-06 14:49:26]  ｵｱﾇｰﾊｵｼﾊﾊｱｼ茱ｺ78S
[2024-05-06 14:49:27]  ｵｱﾇｰﾊｵｼﾊﾊｱｼ茱ｺ79S
[2024-05-06 14:49:28]  ｵｱﾇｰﾊｵｼﾊﾊｱｼ茱ｺ80S
[2024-05-06 14:49:29]  ｵｱﾇｰﾊｵｼﾊﾊｱｼ茱ｺ82S
[2024-05-06 14:49:31]  ｵｱﾇｰﾊｵｼﾊﾊｱｼ茱ｺ84S
[2024-05-06 14:49:33]  ｵｱﾇｰﾊｵｼﾊﾊｱｼ茱ｺ85S
[2024-05-06 14:49:34]  ｵｱﾇｰﾊｵｼﾊﾊｱｼ茱ｺ86S
[2024-05-06 14:49:35]  ｵｱﾇｰﾊｵｼﾊﾊｱｼ茱ｺ88S
[2024-05-06 14:49:37]  ｵｱﾇｰﾊｵｼﾊﾊｱｼ茱ｺ89S
[2024-05-06 14:49:38]  ｵｱﾇｰﾊｵｼﾊﾊｱｼ茱ｺ90S
[2024-05-06 14:49:39]  ｵｱﾇｰﾊｵｼﾊﾊｱｼ茱ｺ92S
[2024-05-06 14:49:41]  ｵｱﾇｰﾊｵｼﾊﾊｱｼ茱ｺ93S
[2024-05-06 14:49:42]  ｵｱﾇｰﾊｵｼﾊﾊｱｼ茱ｺ94S
[2024-05-06 14:49:43]  ｵｱﾇｰﾊｵｼﾊﾊｱｼ茱ｺ95S
[2024-05-06 14:49:44]  ｵｱﾇｰﾊｵｼﾊﾊｱｼ茱ｺ96S
[2024-05-06 14:49:45]  ｵｱﾇｰﾊｵｼﾊﾊｱｼ茱ｺ97S
[2024-05-06 14:49:46]  ｵｱﾇｰﾊｵｼﾊﾊｱｼ茱ｺ98S
[2024-05-06 14:49:47]  ｵｱﾇｰﾊｵｼﾊﾊｱｼ茱ｺ99S
[2024-05-06 14:49:48]  ｵｱﾇｰﾊｵｼﾊﾊｱｼ茱ｺ100S
[2024-05-06 14:49:49]  
[2024-05-06 14:49:57]  
[2024-05-06 14:49:57]  
[2024-05-06 14:49:57]  Session stopped
[2024-05-06 14:49:57]      - Press <return> to exit tab
[2024-05-06 14:49:57]      - Press R to restart session
[2024-05-06 14:49:57]      - Press S to save terminal output to file
[2024-05-06 14:49:57]  =~=~=~=~=~=~=~=~=~=~=~= MobaXterm log 2024.05.06 14:50:06 =~=~=~=~=~=~=~=~=~=~=~=
    
[2024-05-06 14:50:06]                        MobaXterm Personal Edition v22.1                  
[2024-05-06 14:50:06]                     (SSH client, X server and network tools)               
[2024-05-06 14:50:06]                                                                            
[2024-05-06 14:50:06]        Telnet session to RTT@127.0.0.1                                    
[2024-05-06 14:50:06]        Your DISPLAY is set to 192.168.4.118:0.0                           
[2024-05-06 14:50:06]        For more info, ctrl+click on help or visit our website.            
[2024-05-06 14:50:06]      
[2024-05-06 14:50:06]  
[2024-05-06 14:50:06]  SEGGER J-Link V7.94b - Real time terminal output
[2024-05-06 14:50:06]  SEGGER J-Link V9.4, SN=99451626
[2024-05-06 14:50:06]  Process: JLinkRTTViewer.exe
[2024-05-06 14:50:06]  ｵｱﾇｰﾊｵｼﾊﾊｱｼ茱ｺ16S
[2024-05-06 14:50:06]  ｵｱﾇｰﾊｵｼﾊﾊｱｼ茱ｺ17S
[2024-05-06 14:50:07]  ｵｱﾇｰﾊｵｼﾊﾊｱｼ茱ｺ18S
[2024-05-06 14:50:08]  ｵｱﾇｰﾊｵｼﾊﾊｱｼ茱ｺ19S
[2024-05-06 14:50:09]  ｵｱﾇｰﾊｵｼﾊﾊｱｼ茱ｺ20S
[2024-05-06 14:50:10]  ｵｱﾇｰﾊｵｼﾊﾊｱｼ茱ｺ21S
[2024-05-06 14:50:11]  ｵｱﾇｰﾊｵｼﾊﾊｱｼ茱ｺ22S
[2024-05-06 14:50:12]  ｵｱﾇｰﾊｵｼﾊﾊｱｼ茱ｺ23S
[2024-05-06 14:50:13]  ｵｱﾇｰﾊｵｼﾊﾊｱｼ茱ｺ24S
[2024-05-06 14:50:14]  ｵｱﾇｰﾊｵｼﾊﾊｱｼ茱ｺ25S
[2024-05-06 14:50:15]  ｵｱﾇｰﾊｵｼﾊﾊｱｼ茱ｺ26S
[2024-05-06 14:50:16]  ｵｱﾇｰﾊｵｼﾊﾊｱｼ茱ｺ27S
[2024-05-06 14:50:17]  ｵｱﾇｰﾊｵｼﾊﾊｱｼ茱ｺ28S
[2024-05-06 14:50:18]  ｵｱﾇｰﾊｵｼﾊﾊｱｼ茱ｺ29S
[2024-05-06 14:50:19]  ｵｱﾇｰﾊｵｼﾊﾊｱｼ茱ｺ30S
[2024-05-06 14:50:20]  ｵｱﾇｰﾊｵｼﾊﾊｱｼ茱ｺ31S
[2024-05-06 14:50:21]  ｵｱﾇｰﾊｵｼﾊﾊｱｼ茱ｺ32S
[2024-05-06 14:50:22]  ｵｱﾇｰﾊｵｼﾊﾊｱｼ茱ｺ33S
[2024-05-06 14:50:23]  ｵｱﾇｰﾊｵｼﾊﾊｱｼ茱ｺ34S
[2024-05-06 14:50:24]  ｵｱﾇｰﾊｵｼﾊﾊｱｼ茱ｺ35S
[2024-05-06 14:50:25]  ｵｱﾇｰﾊｵｼﾊﾊｱｼ茱ｺ36S
[2024-05-06 14:50:26]  ｵｱﾇｰﾊｵｼﾊﾊｱｼ茱ｺ37S
[2024-05-06 14:50:27]  ｵｱﾇｰﾊｵｼﾊﾊｱｼ茱ｺ38S
[2024-05-06 14:50:28]  ｵｱﾇｰﾊｵｼﾊﾊｱｼ茱ｺ39S
[2024-05-06 14:50:29]  ｵｱﾇｰﾊｵｼﾊﾊｱｼ茱ｺ40S
[2024-05-06 14:50:30]  ｵｱﾇｰﾊｵｼﾊﾊｱｼ茱ｺ41S
[2024-05-06 14:50:31]  ｵｱﾇｰﾊｵｼﾊﾊｱｼ茱ｺ43S
[2024-05-06 14:50:33]  ｵｱﾇｰﾊｵｼﾊﾊｱｼ茱ｺ44S
[2024-05-06 14:50:34]  ｵｱﾇｰﾊｵｼﾊﾊｱｼ茱ｺ45S
[2024-05-06 14:50:35]  ｵｱﾇｰﾊｵｼﾊﾊｱｼ茱ｺ46S
[2024-05-06 14:50:36]  ｵｱﾇｰﾊｵｼﾊﾊｱｼ茱ｺ48S
[2024-05-06 14:50:38]  ｵｱﾇｰﾊｵｼﾊﾊｱｼ茱ｺ49S
[2024-05-06 14:50:39]  ｵｱﾇｰﾊｵｼﾊﾊｱｼ茱ｺ50S
[2024-05-06 14:50:40]  ｵｱﾇｰﾊｵｼﾊﾊｱｼ茱ｺ51S
[2024-05-06 14:50:41]  ｵｱﾇｰﾊｵｼﾊﾊｱｼ茱ｺ52S
[2024-05-06 14:50:42]  ｵｱﾇｰﾊｵｼﾊﾊｱｼ茱ｺ53S
[2024-05-06 14:50:43]  ｵｱﾇｰﾊｵｼﾊﾊｱｼ茱ｺ54S
[2024-05-06 14:50:44]  ｵｱﾇｰﾊｵｼﾊﾊｱｼ茱ｺ55S
[2024-05-06 14:50:45]  ｵｱﾇｰﾊｵｼﾊﾊｱｼ茱ｺ56S
[2024-05-06 14:50:46]  ｵｱﾇｰﾊｵｼﾊﾊｱｼ茱ｺ58S
[2024-05-06 14:50:48]  ｵｱﾇｰﾊｵｼﾊﾊｱｼ茱ｺ59S
[2024-05-06 14:50:49]  ｵｱﾇｰﾊｵｼﾊﾊｱｼ茱ｺ60S
[2024-05-06 14:50:50]  ｵｱﾇｰﾊｵｼﾊﾊｱｼ茱ｺ61S
[2024-05-06 14:50:51]  ｵｱﾇｰﾊｵｼﾊﾊｱｼ茱ｺ62S
[2024-05-06 14:50:52]  ｵｱﾇｰﾊｵｼﾊﾊｱｼ茱ｺ63S
[2024-05-06 14:50:53]  ｵｱﾇｰﾊｵｼﾊﾊｱｼ茱ｺ64S
[2024-05-06 14:50:54]  ｵｱﾇｰﾊｵｼﾊﾊｱｼ茱ｺ65S
[2024-05-06 14:50:55]  ｵｱﾇｰﾊｵｼﾊﾊｱｼ茱ｺ66S
[2024-05-06 14:50:56]  ｵｱﾇｰﾊｵｼﾊﾊｱｼ茱ｺ67S
[2024-05-06 14:50:57]  ｵｱﾇｰﾊｵｼﾊﾊｱｼ茱ｺ68S
[2024-05-06 14:50:58]  ｵｱﾇｰﾊｵｼﾊﾊｱｼ茱ｺ69S
[2024-05-06 14:50:59]  ｵｱﾇｰﾊｵｼﾊﾊｱｼ茱ｺ70S
[2024-05-06 14:51:00]  ｵｱﾇｰﾊｵｼﾊﾊｱｼ茱ｺ71S
[2024-05-06 14:51:01]  ｵｱﾇｰﾊｵｼﾊﾊｱｼ茱ｺ72S
[2024-05-06 14:51:02]  ｵｱﾇｰﾊｵｼﾊﾊｱｼ茱ｺ73S
[2024-05-06 14:51:03]  ｵｱﾇｰﾊｵｼﾊﾊｱｼ茱ｺ74S
[2024-05-06 14:51:04]  ｵｱﾇｰﾊｵｼﾊﾊｱｼ茱ｺ75S
[2024-05-06 14:51:05]  ｵｱﾇｰﾊｵｼﾊﾊｱｼ茱ｺ76S
[2024-05-06 14:51:06]  ｵｱﾇｰﾊｵｼﾊﾊｱｼ茱ｺ77S
[2024-05-06 14:51:07]  ｵｱﾇｰﾊｵｼﾊﾊｱｼ茱ｺ78S
[2024-05-06 14:51:08]  ｵｱﾇｰﾊｵｼﾊﾊｱｼ茱ｺ79S
[2024-05-06 14:51:09]  ｵｱﾇｰﾊｵｼﾊﾊｱｼ茱ｺ81S
[2024-05-06 14:51:11]  ｵｱﾇｰﾊｵｼﾊﾊｱｼ茱ｺ82S
[2024-05-06 14:51:12]  ｵｱﾇｰﾊｵｼﾊﾊｱｼ茱ｺ83S
[2024-05-06 14:51:13]  ｵｱﾇｰﾊｵｼﾊﾊｱｼ茱ｺ84S
[2024-05-06 14:51:14]  ｵｱﾇｰﾊｵｼﾊﾊｱｼ茱ｺ85S
[2024-05-06 14:51:15]  ｵｱﾇｰﾊｵｼﾊﾊｱｼ茱ｺ86S
[2024-05-06 14:51:16]  ｵｱﾇｰﾊｵｼﾊﾊｱｼ茱ｺ87S
[2024-05-06 14:51:17]  ｵｱﾇｰﾊｵｼﾊﾊｱｼ茱ｺ88S
[2024-05-06 14:51:18]  ｵｱﾇｰﾊｵｼﾊﾊｱｼ茱ｺ90S
[2024-05-06 14:51:20]  ｵｱﾇｰﾊｵｼﾊﾊｱｼ茱ｺ91S
[2024-05-06 14:51:21]  ｵｱﾇｰﾊｵｼﾊﾊｱｼ茱ｺ92S
[2024-05-06 14:51:22]  ｵｱﾇｰﾊｵｼﾊﾊｱｼ茱ｺ93S
[2024-05-06 14:51:23]  ｵｱﾇｰﾊｵｼﾊﾊｱｼ茱ｺ94S
[2024-05-06 14:51:24]  ｵｱﾇｰﾊｵｼﾊﾊｱｼ茱ｺ95S
[2024-05-06 14:51:25]  ｵｱﾇｰﾊｵｼﾊﾊｱｼ茱ｺ96S
[2024-05-06 14:51:26]  ｵｱﾇｰﾊｵｼﾊﾊｱｼ茱ｺ97S
[2024-05-06 14:51:27]  ｵｱﾇｰﾊｵｼﾊﾊｱｼ茱ｺ98S
[2024-05-06 14:51:28]  ｵｱﾇｰﾊｵｼﾊﾊｱｼ茱ｺ99S
[2024-05-06 14:51:29]  ｵｱﾇｰﾊｵｼﾊﾊｱｼ茱ｺ100S
[2024-05-06 14:51:30]  ｵｱﾇｰﾊｵｼﾊﾊｱｼ茱ｺ101S
[2024-05-06 14:51:31]  ｵｱﾇｰﾊｵｼﾊﾊｱｼ茱ｺ102S
[2024-05-06 14:51:32]  ｵｱﾇｰﾊｵｼﾊﾊｱｼ茱ｺ103S
[2024-05-06 14:51:33]  ｵｱﾇｰﾊｵｼﾊﾊｱｼ茱ｺ104S
[2024-05-06 14:51:34]  ｵｱﾇｰﾊｵｼﾊﾊｱｼ茱ｺ105S
[2024-05-06 14:51:35]  ｵｱﾇｰﾊｵｼﾊﾊｱｼ茱ｺ106S
[2024-05-06 14:51:36]  ｵｱﾇｰﾊｵｼﾊﾊｱｼ茱ｺ107S
[2024-05-06 14:51:37]  ｵｱﾇｰﾊｵｼﾊﾊｱｼ茱ｺ108S
[2024-05-06 14:51:38]  ｵｱﾇｰﾊｵｼﾊﾊｱｼ茱ｺ109S
[2024-05-06 14:51:39]  ｵｱﾇｰﾊｵｼﾊﾊｱｼ茱ｺ110S
[2024-05-06 14:51:40]  ｵｱﾇｰﾊｵｼﾊﾊｱｼ茱ｺ111S
[2024-05-06 14:51:41]  ｵｱﾇｰﾊｵｼﾊﾊｱｼ茱ｺ112S
[2024-05-06 14:51:42]  ｵｱﾇｰﾊｵｼﾊﾊｱｼ茱ｺ113S
[2024-05-06 14:51:43]  ｵｱﾇｰﾊｵｼﾊﾊｱｼ茱ｺ114S
[2024-05-06 14:51:44]  ｵｱﾇｰﾊｵｼﾊﾊｱｼ茱ｺ115S
[2024-05-06 14:51:45]  ｵｱﾇｰﾊｵｼﾊﾊｱｼ茱ｺ116S
[2024-05-06 14:51:46]  ｵｱﾇｰﾊｵｼﾊﾊｱｼ茱ｺ117S
[2024-05-06 14:51:47]  ｵｱﾇｰﾊｵｼﾊﾊｱｼ茱ｺ119S
[2024-05-06 14:51:49]  ｵｱﾇｰﾊｵｼﾊﾊｱｼ茱ｺ120S
[2024-05-06 14:51:50]  ｵｱﾇｰﾊｵｼﾊﾊｱｼ茱ｺ121S
[2024-05-06 14:51:51]  ｵｱﾇｰﾊｵｼﾊﾊｱｼ茱ｺ122S
[2024-05-06 14:51:52]  ｵｱﾇｰﾊｵｼﾊﾊｱｼ茱ｺ123S
[2024-05-06 14:51:53]  ｵｱﾇｰﾊｵｼﾊﾊｱｼ茱ｺｵｱﾇｰﾊｵｼﾊﾊｱｼ茱ｺ125S
[2024-05-06 14:51:55]  ｵｱﾇｰﾊｵｼﾊﾊｱｼ茱ｺ126S
[2024-05-06 14:51:56]  ｵｱﾇｰﾊｵｼﾊﾊｱｼ茱ｺ127S
[2024-05-06 14:51:57]  ｵｱﾇｰﾊｵｼﾊﾊｱｼ茱ｺ128S
[2024-05-06 14:51:58]  ｵｱﾇｰﾊｵｼﾊﾊｱｼ茱ｺ129S
[2024-05-06 14:51:59]  ｵｱﾇｰﾊｵｼﾊﾊｱｼ茱ｺ130S
[2024-05-06 14:52:00]  ｵｱﾇｰﾊｵｼﾊﾊｱｼ茱ｺ131S
[2024-05-06 14:52:01]  ｵｱﾇｰﾊｵｼﾊﾊｱｼ茱ｺ132S
[2024-05-06 14:52:02]  ｵｱﾇｰﾊｵｼﾊﾊｱｼ茱ｺ134S
[2024-05-06 14:52:04]  ｵｱﾇｰﾊｵｼﾊﾊｱｼ茱ｺ135S
[2024-05-06 14:52:05]  ｵｱﾇｰﾊｵｼﾊﾊｱｼ茱ｺ136S
[2024-05-06 14:52:06]  ｵｱﾇｰﾊｵｼﾊﾊｱｼ茱ｺ137S
[2024-05-06 14:52:07]  ｵｱﾇｰﾊｵｼﾊﾊｱｼ茱ｺ138S
[2024-05-06 14:52:08]  ｵｱﾇｰﾊｵｼﾊﾊｱｼ茱ｺ139S
[2024-05-06 14:52:09]  ｵｱﾇｰﾊｵｼﾊﾊｱｼ茱ｺ140S
[2024-05-06 14:52:10]  ｵｱﾇｰﾊｵｼﾊﾊｱｼ茱ｺ141S
[2024-05-06 14:52:11]  ｵｱﾇｰﾊｵｼﾊﾊｱｼ茱ｺ142S
[2024-05-06 14:52:12]  ｵｱﾇｰﾊｵｼﾊﾊｱｼ茱ｺ144S
[2024-05-06 14:52:14]  ｵｱﾇｰﾊｵｼﾊﾊｱｼ茱ｺ145S
[2024-05-06 14:52:15]  
[2024-05-06 14:52:22]  
[2024-05-06 14:52:22]  
[2024-05-06 14:52:22]  Session stopped
[2024-05-06 14:52:22]      - Press <return> to exit tab
[2024-05-06 14:52:22]      - Press R to restart session
[2024-05-06 14:52:22]      - Press S to save terminal output to file
[2024-05-06 14:52:22]  =~=~=~=~=~=~=~=~=~=~=~= MobaXterm log 2024.05.06 14:52:26 =~=~=~=~=~=~=~=~=~=~=~=
    
[2024-05-06 14:52:26]                        MobaXterm Personal Edition v22.1                  
[2024-05-06 14:52:26]                     (SSH client, X server and network tools)               
[2024-05-06 14:52:26]                                                                            
[2024-05-06 14:52:26]        Telnet session to RTT@127.0.0.1                                    
[2024-05-06 14:52:26]        Your DISPLAY is set to 192.168.4.118:0.0                           
[2024-05-06 14:52:26]        For more info, ctrl+click on help or visit our website.            
[2024-05-06 14:52:26]      
[2024-05-06 14:52:26]  
[2024-05-06 14:52:26]  SEGGER J-Link V7.94b - Real time terminal output
[2024-05-06 14:52:26]  SEGGER J-Link V9.4, SN=99451626
[2024-05-06 14:52:26]  Process: JLinkRTTViewer.exe
[2024-05-06 14:52:26]  ｵｱﾇｰﾊｵｼﾊﾊｱｼ茱ｺ10S
[2024-05-06 14:52:27]  ｵｱﾇｰﾊｵｼﾊﾊｱｼ茱ｺ11S
[2024-05-06 14:52:28]  ｵｱﾇｰﾊｵｼﾊﾊｱｼ茱ｺ12S
[2024-05-06 14:52:29]  ｵｱﾇｰﾊｵｼﾊﾊｱｼ茱ｺ14S
[2024-05-06 14:52:31]  ｵｱﾇｰﾊｵｼﾊﾊｱｼ茱ｺ15S
[2024-05-06 14:52:32]  ｵｱﾇｰﾊｵｼﾊﾊｱｼ茱ｺ16S
[2024-05-06 14:52:33]  ｵｱﾇｰﾊｵｼﾊﾊｱｼ茱ｺ17S
[2024-05-06 14:52:34]  ｵｱﾇｰﾊｵｼﾊﾊｱｼ茱ｺ18S
[2024-05-06 14:52:35]  ｵｱﾇｰﾊｵｼﾊﾊｱｼ茱ｺ19S
[2024-05-06 14:52:36]  ｵｱﾇｰﾊｵｼﾊﾊｱｼ茱ｺ20S
[2024-05-06 14:52:37]  ｵｱﾇｰﾊｵｼﾊﾊｱｼ茱ｺ21S
[2024-05-06 14:52:38]  ｵｱﾇｰﾊｵｼﾊﾊｱｼ茱ｺ22S
[2024-05-06 14:52:39]  ｵｱﾇｰﾊｵｼﾊﾊｱｼ茱ｺ23S
[2024-05-06 14:52:40]  ｵｱﾇｰﾊｵｼﾊﾊｱｼ茱ｺ24S
[2024-05-06 14:52:41]  ｵｱﾇｰﾊｵｼﾊﾊｱｼ茱ｺ25S
[2024-05-06 14:52:42]  ｵｱﾇｰﾊｵｼﾊﾊｱｼ茱ｺ26S
[2024-05-06 14:52:43]  ｵｱﾇｰﾊｵｼﾊﾊｱｼ茱ｺ27S
[2024-05-06 14:52:44]  ｵｱﾇｰﾊｵｼﾊﾊｱｼ茱ｺ28S
[2024-05-06 14:52:45]  ｵｱﾇｰﾊｵｼﾊﾊｱｼ茱ｺ29S
[2024-05-06 14:52:46]  ｵｱﾇｰﾊｵｼﾊﾊｱｼ茱ｺ30S
[2024-05-06 14:52:47]  ｵｱﾇｰﾊｵｼﾊﾊｱｼ茱ｺ31S
[2024-05-06 14:52:48]  ｵｱﾇｰﾊｵｼﾊﾊｱｼ茱ｺ32S
[2024-05-06 14:52:49]  ｵｱﾇｰﾊｵｼﾊﾊｱｼ茱ｺ33S
[2024-05-06 14:52:50]  ｵｱﾇｰﾊｵｼﾊﾊｱｼ茱ｺ34S
[2024-05-06 14:52:51]  ｵｱﾇｰﾊｵｼﾊﾊｱｼ茱ｺ35S
[2024-05-06 14:52:52]  ｵｱﾇｰﾊｵｼﾊﾊｱｼ茱ｺ36S
[2024-05-06 14:52:53]  ｵｱﾇｰﾊｵｼﾊﾊｱｼ茱ｺ37S
[2024-05-06 14:52:54]  ｵｱﾇｰﾊｵｼﾊﾊｱｼ茱ｺ38S
[2024-05-06 14:52:55]  ｵｱﾇｰﾊｵｼﾊﾊｱｼ茱ｺ39S
[2024-05-06 14:52:56]  ｵｱﾇｰﾊｵｼﾊﾊｱｼ茱ｺ40S
[2024-05-06 14:52:57]  ｵｱﾇｰﾊｵｼﾊﾊｱｼ茱ｺ41S
[2024-05-06 14:52:58]  ｵｱﾇｰﾊｵｼﾊﾊｱｼ茱ｺ42S
[2024-05-06 14:52:59]  ｵｱﾇｰﾊｵｼﾊﾊｱｼ茱ｺ43S
[2024-05-06 14:53:00]  ｵｱﾇｰﾊｵｼﾊﾊｱｼ茱ｺ45S
[2024-05-06 14:53:02]  ｵｱﾇｰﾊｵｼﾊﾊｱｼ茱ｺ46S
[2024-05-06 14:53:03]  ｵｱﾇｰﾊｵｼﾊﾊｱｼ茱ｺ47S
[2024-05-06 14:53:04]  ｵｱﾇｰﾊｵｼﾊﾊｱｼ茱ｺ48S
[2024-05-06 14:53:05]  ｵｱﾇｰﾊｵｼﾊﾊｱｼ茱ｺ49S
[2024-05-06 14:53:06]  ｵｱﾇｰﾊｵｼﾊﾊｱｼ茱ｺ51S
[2024-05-06 14:53:08]  ｵｱﾇｰﾊｵｼﾊﾊｱｼ茱ｺ52S
[2024-05-06 14:53:09]  ｵｱﾇｰﾊｵｼﾊﾊｱｼ茱ｺ53S
[2024-05-06 14:53:10]  ｵｱﾇｰﾊｵｼﾊﾊｱｼ茱ｺ55S
[2024-05-06 14:53:12]  ｵｱﾇｰﾊｵｼﾊﾊｱｼ茱ｺ56S
[2024-05-06 14:53:13]  ｵｱﾇｰﾊｵｼﾊﾊｱｼ茱ｺ57S
[2024-05-06 14:53:14]  ｵｱﾇｰﾊｵｼﾊﾊｱｼ茱ｺ58S
[2024-05-06 14:53:15]  ｵｱﾇｰﾊｵｼﾊﾊｱｼ茱ｺ59S
[2024-05-06 14:53:16]  ｵｱﾇｰﾊｵｼﾊﾊｱｼ茱ｺ60S
[2024-05-06 14:53:17]  ｵｱﾇｰﾊｵｼﾊﾊｱｼ茱ｺ61S
[2024-05-06 14:53:18]  ｵｱﾇｰﾊｵｼﾊﾊｱｼ茱ｺ62S
[2024-05-06 14:53:19]  ｵｱﾇｰﾊｵｼﾊﾊｱｼ茱ｺ64S
[2024-05-06 14:53:21]  ｵｱﾇｰﾊｵｼﾊﾊｱｼ茱ｺ65S
[2024-05-06 14:53:22]  ｵｱﾇｰﾊｵｼﾊﾊｱｼ茱ｺ66S
[2024-05-06 14:53:23]  ｵｱﾇｰﾊｵｼﾊﾊｱｼ茱ｺ67S
[2024-05-06 14:53:24]  ｵｱﾇｰﾊｵｼﾊﾊｱｼ茱ｺ68S
[2024-05-06 14:53:25]  ｵｱﾇｰﾊｵｼﾊﾊｱｼ茱ｺ69S
[2024-05-06 14:53:26]  ｵｱﾇｰﾊｵｼﾊﾊｱｼ茱ｺ70S
[2024-05-06 14:53:27]  ｵｱﾇｰﾊｵｼﾊﾊｱｼ茱ｺ71S
[2024-05-06 14:53:28]  ｵｱﾇｰﾊｵｼﾊﾊｱｼ茱ｺ72S
[2024-05-06 14:53:29]  ｵｱﾇｰﾊｵｼﾊﾊｱｼ茱ｺ73S
[2024-05-06 14:53:30]  ｵｱﾇｰﾊｵｼﾊﾊｱｼ茱ｺ74S
[2024-05-06 14:53:31]  ｵｱﾇｰﾊｵｼﾊﾊｱｼ茱ｺ76S
[2024-05-06 14:53:33]  ｵｱﾇｰﾊｵｼﾊﾊｱｼ茱ｺ77S
[2024-05-06 14:53:34]  ｵｱﾇｰﾊｵｼﾊﾊｱｼ茱ｺ78S
[2024-05-06 14:53:35]  ｵｱﾇｰﾊｵｼﾊﾊｱｼ茱ｺ79S
[2024-05-06 14:53:36]  =~=~=~=~=~=~=~=~=~=~=~= MobaXterm log 2024.05.06 14:54:33 =~=~=~=~=~=~=~=~=~=~=~=
    
[2024-05-06 14:54:33]                        MobaXterm Personal Edition v22.1                  
[2024-05-06 14:54:33]                     (SSH client, X server and network tools)               
[2024-05-06 14:54:33]                                                                            
[2024-05-06 14:54:33]        Telnet session to RTT@127.0.0.1                                    
[2024-05-06 14:54:33]        Your DISPLAY is set to 192.168.4.118:0.0                           
[2024-05-06 14:54:33]        For more info, ctrl+click on help or visit our website.            
[2024-05-06 14:54:33]      
[2024-05-06 14:54:33]  
[2024-05-06 14:54:33]  SEGGER J-Link V7.94b - Real time terminal output
[2024-05-06 14:54:33]  SEGGER J-Link V9.4, SN=99451626
[2024-05-06 14:54:33]  Process: JLinkRTTViewer.exe
[2024-05-06 14:54:33]  ｵｱﾇｰﾊｵｼﾊﾊｱｼ茱ｺ53S
[2024-05-06 14:54:33]  ｵｱﾇｰﾊｵｼﾊﾊｱｼ茱ｺ54S
[2024-05-06 14:54:33]  ｵｱﾇｰﾊｵｼﾊﾊｱｼ茱ｺ55S
[2024-05-06 14:54:34]  ｵｱﾇｰﾊｵｼﾊﾊｱｼ茱ｺ57S
[2024-05-06 14:54:36]  ｵｱﾇｰﾊｵｼﾊﾊｱｼ茱ｺ58S
[2024-05-06 14:54:37]  ｵｱﾇｰﾊｵｼﾊﾊｱｼ茱ｺ59S
[2024-05-06 14:54:38]  ｵｱﾇｰﾊｵｼﾊﾊｱｼ茱ｺ60S
[2024-05-06 14:54:39]  ｵｱﾇｰﾊｵｼﾊﾊｱｼ茱ｺ62S
[2024-05-06 14:54:41]  ｵｱﾇｰﾊｵｼﾊﾊｱｼ茱ｺ63S
[2024-05-06 14:54:42]  ｵｱﾇｰﾊｵｼﾊﾊｱｼ茱ｺ64S
[2024-05-06 14:54:43]  ｵｱﾇｰﾊｵｼﾊﾊｱｼ茱ｺ65S
[2024-05-06 14:54:44]  ｵｱﾇｰﾊｵｼﾊﾊｱｼ茱ｺ66S
[2024-05-06 14:54:45]  ｵｱﾇｰﾊｵｼﾊﾊｱｼ茱ｺ67S
[2024-05-06 14:54:46]  ｵｱﾇｰﾊｵｼﾊﾊｱｼ茱ｺ68S
[2024-05-06 14:54:47]  ｵｱﾇｰﾊｵｼﾊﾊｱｼ茱ｺ69S
[2024-05-06 14:54:48]  ｵｱﾇｰﾊｵｼﾊﾊｱｼ茱ｺ71S
[2024-05-06 14:54:50]  ｵｱﾇｰﾊｵｼﾊﾊｱｼ茱ｺ72S
[2024-05-06 14:54:51]  ｵｱﾇｰﾊｵｼﾊﾊｱｼ茱ｺ73S
[2024-05-06 14:54:52]  ｵｱﾇｰﾊｵｼﾊﾊｱｼ茱ｺ74S
[2024-05-06 14:54:53]  ｵｱﾇｰﾊｵｼﾊﾊｱｼ茱ｺ76S
[2024-05-06 14:54:55]  
[2024-05-06 14:54:56]  
[2024-05-06 14:54:56]  
[2024-05-06 14:54:56]  Session stopped
[2024-05-06 14:54:56]      - Press <return> to exit tab
[2024-05-06 14:54:56]      - Press R to restart session
[2024-05-06 14:54:56]      - Press S to save terminal output to file
[2024-05-06 14:54:56]  =~=~=~=~=~=~=~=~=~=~=~= MobaXterm log 2024.05.06 14:55:00 =~=~=~=~=~=~=~=~=~=~=~=
    
[2024-05-06 14:55:00]                        MobaXterm Personal Edition v22.1                  
[2024-05-06 14:55:00]                     (SSH client, X server and network tools)               
[2024-05-06 14:55:00]                                                                            
[2024-05-06 14:55:00]        Telnet session to RTT@127.0.0.1                                    
[2024-05-06 14:55:00]        Your DISPLAY is set to 192.168.4.118:0.0                           
[2024-05-06 14:55:00]        For more info, ctrl+click on help or visit our website.            
[2024-05-06 14:55:00]      
[2024-05-06 14:55:00]  
[2024-05-06 14:55:00]  
[2024-05-06 14:55:01]  Network error: Connection refused
[2024-05-06 14:55:01]  
[2024-05-06 14:55:01]  
[2024-05-06 14:55:01]  
[2024-05-06 14:55:01]  Session stopped
[2024-05-06 14:55:01]      - Press <return> to exit tab
[2024-05-06 14:55:01]      - Press R to restart session
[2024-05-06 14:55:01]      - Press S to save terminal output to file
[2024-05-06 14:55:01]  
[2024-05-06 14:55:01]  
[2024-05-06 14:55:01]  
[2024-05-06 14:55:01]  Session stopped
[2024-05-06 14:55:01]      - Press <return> to exit tab
[2024-05-06 14:55:01]      - Press R to restart session
[2024-05-06 14:55:01]      - Press S to save terminal output to file
[2024-05-06 14:55:01]  