Change Component Description : Designator=U1 Old Description=STM32F030采用ARM Cortex内核，运算速度高达48 MHz。STM32F030是STM32系列中价格最低的产品，具有全套外设，例如高速12位ADC、先进且灵活的定时器、日历RTC和通 New Description=STM32F030采用ARM Cortex内核，运算速度高达48 MHz。STM32F030是STM32系列中价格最低的产品，具有全套外设，例如高速12位ADC、先进且灵活的定时器、日历RTC和通信接口（例如 I?C、USART和SPI）。
Added Member To Class: ClassName=VM3300_V0.1 Member=Component C2 100nF
Added Member To Class: ClassName=VM3300_V0.1 Member=Component C3 100nF
Added Member To Class: ClassName=VM3300_V0.1 Member=Component C4 100nF
Added Member To Class: ClassName=VM3300_V0.1 Member=Component C5 100nF
Added Member To Class: ClassName=VM3300_V0.1 Member=Component C6 100nF
Added Member To Class: ClassName=VM3300_V0.1 Member=Component C7 100nF
Added Member To Class: ClassName=VM3300_V0.1 Member=Component C8 100nF
Added Member To Class: ClassName=VM3300_V0.1 Member=Component C9 100nF
Added Member To Class: ClassName=VM3300_V0.1 Member=Component C10 100nF
Added Member To Class: ClassName=VM3300_V0.1 Member=Component C11 100nF
Added Member To Class: ClassName=VM3300_V0.1 Member=Component C12 100nF
Added Member To Class: ClassName=VM3300_V0.1 Member=Component C13 100nF
Added Member To Class: ClassName=VM3300_V0.1 Member=Component C14 22pF
Added Member To Class: ClassName=VM3300_V0.1 Member=Component C15 10uF/16V
Added Member To Class: ClassName=VM3300_V0.1 Member=Component C16 10uF/16V
Added Member To Class: ClassName=VM3300_V0.1 Member=Component C17 100nF
Added Member To Class: ClassName=VM3300_V0.1 Member=Component C18 22pF
Added Member To Class: ClassName=VM3300_V0.1 Member=Component C19 100nF
Added Member To Class: ClassName=VM3300_V0.1 Member=Component C20 100nF
Added Member To Class: ClassName=VM3300_V0.1 Member=Component C21 100nF
Added Member To Class: ClassName=VM3300_V0.1 Member=Component C22 100nF
Added Member To Class: ClassName=VM3300_V0.1 Member=Component C23 100nF
Added Member To Class: ClassName=VM3300_V0.1 Member=Component C24 100nF
Added Member To Class: ClassName=VM3300_V0.1 Member=Component C25 100nF
Added Member To Class: ClassName=VM3300_V0.1 Member=Component C26 100nF
Added Member To Class: ClassName=VM3300_V0.1 Member=Component C27 100pF
Added Member To Class: ClassName=VM3300_V0.1 Member=Component C28 100pF
Added Member To Class: ClassName=VM3300_V0.1 Member=Component C29 10uF/16V
Added Member To Class: ClassName=VM3300_V0.1 Member=Component C30 100nF
Added Member To Class: ClassName=VM3300_V0.1 Member=Component C31 100nF
Added Member To Class: ClassName=VM3300_V0.1 Member=Component C33 100nF
Added Member To Class: ClassName=VM3300_V0.1 Member=Component C34 100nF
Added Member To Class: ClassName=VM3300_V0.1 Member=Component C35 100nF
Added Member To Class: ClassName=VM3300_V0.1 Member=Component C36 100nF
Added Member To Class: ClassName=VM3300_V0.1 Member=Component C37 100nF
Added Member To Class: ClassName=VM3300_V0.1 Member=Component C38 100nF
Added Member To Class: ClassName=VM3300_V0.1 Member=Component C39 100nF
Added Member To Class: ClassName=VM3300_V0.1 Member=Component C40 100nF
Added Member To Class: ClassName=VM3300_V0.1 Member=Component C41 100nF
Added Member To Class: ClassName=VM3300_V0.1 Member=Component C46 10nF
Added Member To Class: ClassName=VM3300_V0.1 Member=Component C47 10nF
Added Member To Class: ClassName=VM3300_V0.1 Member=Component C50 100nF
Added Member To Class: ClassName=VM3300_V0.1 Member=Component C51 1uF
Added Member To Class: ClassName=VM3300_V0.1 Member=Component C52 100nF
Added Member To Class: ClassName=VM3300_V0.1 Member=Component C53 1uF
Added Member To Class: ClassName=VM3300_V0.1 Member=Component CON1 3.5*1.3
Added Member To Class: ClassName=VM3300_V0.1 Member=Component E1 100uF/25V
Added Member To Class: ClassName=VM3300_V0.1 Member=Component E2 100uF/16V
Added Member To Class: ClassName=VM3300_V0.1 Member=Component E3 470uF/10V
Added Member To Class: ClassName=VM3300_V0.1 Member=Component E4 100uF/16V
Added Member To Class: ClassName=VM3300_V0.1 Member=Component E5 100uF/16V
Added Member To Class: ClassName=VM3300_V0.1 Member=Component E6 100uF/16V
Added Member To Class: ClassName=VM3300_V0.1 Member=Component E7 220uF/35V
Added Member To Class: ClassName=VM3300_V0.1 Member=Component GRB2 WS2812B
Added Member To Class: ClassName=VM3300_V0.1 Member=Component GRB3 WS2812B
Added Member To Class: ClassName=VM3300_V0.1 Member=Component GRB4 WS2812B
Added Member To Class: ClassName=VM3300_V0.1 Member=Component GRB5 WS2812B
Added Member To Class: ClassName=VM3300_V0.1 Member=Component GRB6 WS2812B
Added Member To Class: ClassName=VM3300_V0.1 Member=Component GRB7 WS2812B
Added Member To Class: ClassName=VM3300_V0.1 Member=Component GRB8 WS2812B
Added Member To Class: ClassName=VM3300_V0.1 Member=Component GRB9 WS2812B
Added Member To Class: ClassName=VM3300_V0.1 Member=Component GRB10 WS2812B
Added Member To Class: ClassName=VM3300_V0.1 Member=Component GRB11 WS2812B
Added Member To Class: ClassName=VM3300_V0.1 Member=Component GRB12 WS2812B
Added Member To Class: ClassName=VM3300_V0.1 Member=Component GRB13 WS2812B
Added Member To Class: ClassName=VM3300_V0.1 Member=Component GRB14 WS2812B
Added Member To Class: ClassName=VM3300_V0.1 Member=Component GRB15 WS2812B
Added Member To Class: ClassName=VM3300_V0.1 Member=Component GRB16 WS2812B
Added Member To Class: ClassName=VM3300_V0.1 Member=Component GRB17 WS2812B
Added Member To Class: ClassName=VM3300_V0.1 Member=Component GRB18 WS2812B
Added Member To Class: ClassName=VM3300_V0.1 Member=Component GRB19 WS2812B
Added Member To Class: ClassName=VM3300_V0.1 Member=Component GRB20 WS2812B
Added Member To Class: ClassName=VM3300_V0.1 Member=Component GRB21 WS2812B
Added Member To Class: ClassName=VM3300_V0.1 Member=Component GRB22 WS2812B
Added Member To Class: ClassName=VM3300_V0.1 Member=Component GRB23 WS2812B
Added Member To Class: ClassName=VM3300_V0.1 Member=Component GRB24 WS2812B
Added Member To Class: ClassName=VM3300_V0.1 Member=Component GRB25 WS2812B
Added Member To Class: ClassName=VM3300_V0.1 Member=Component JP1 HDR-1X5
Added Member To Class: ClassName=VM3300_V0.1 Member=Component L1 4.7uH
Added Member To Class: ClassName=VM3300_V0.1 Member=Component Q1 AO3400A
Added Member To Class: ClassName=VM3300_V0.1 Member=Component Q2 AO3400A
Added Member To Class: ClassName=VM3300_V0.1 Member=Component Q4 SS8050
Added Member To Class: ClassName=VM3300_V0.1 Member=Component Q5 SS8050
Added Member To Class: ClassName=VM3300_V0.1 Member=Component Q6 NCE_MOS
Added Member To Class: ClassName=VM3300_V0.1 Member=Component Q7 NPN
Added Member To Class: ClassName=VM3300_V0.1 Member=Component R1 10K
Added Member To Class: ClassName=VM3300_V0.1 Member=Component R2 27K
Added Member To Class: ClassName=VM3300_V0.1 Member=Component R3 100K
Added Member To Class: ClassName=VM3300_V0.1 Member=Component R4 5.1K
Added Member To Class: ClassName=VM3300_V0.1 Member=Component R5 2K
Added Member To Class: ClassName=VM3300_V0.1 Member=Component R6 2K
Added Member To Class: ClassName=VM3300_V0.1 Member=Component R7 10K
Added Member To Class: ClassName=VM3300_V0.1 Member=Component R8 10K
Added Member To Class: ClassName=VM3300_V0.1 Member=Component R9 10K
Added Member To Class: ClassName=VM3300_V0.1 Member=Component R10 10K
Added Member To Class: ClassName=VM3300_V0.1 Member=Component R11 36K
Added Member To Class: ClassName=VM3300_V0.1 Member=Component R12 36K
Added Member To Class: ClassName=VM3300_V0.1 Member=Component R13 14K
Added Member To Class: ClassName=VM3300_V0.1 Member=Component R14 14K
Added Member To Class: ClassName=VM3300_V0.1 Member=Component R15 1K
Added Member To Class: ClassName=VM3300_V0.1 Member=Component R16 1K
Added Member To Class: ClassName=VM3300_V0.1 Member=Component R17 100R
Added Member To Class: ClassName=VM3300_V0.1 Member=Component R18 100R
Added Member To Class: ClassName=VM3300_V0.1 Member=Component R19 1K
Added Member To Class: ClassName=VM3300_V0.1 Member=Component R20 10K
Added Member To Class: ClassName=VM3300_V0.1 Member=Component R21 10K
Added Member To Class: ClassName=VM3300_V0.1 Member=Component R23 4.7K
Added Member To Class: ClassName=VM3300_V0.1 Member=Component R24 4.7K
Added Member To Class: ClassName=VM3300_V0.1 Member=Component R25 1K
Added Member To Class: ClassName=VM3300_V0.1 Member=Component R28 1K
Added Member To Class: ClassName=VM3300_V0.1 Member=Component R29 1K
Added Member To Class: ClassName=VM3300_V0.1 Member=Component R30 4.7K
Added Member To Class: ClassName=VM3300_V0.1 Member=Component R31 1K
Added Member To Class: ClassName=VM3300_V0.1 Member=Component REC1 HC-1538LD
Added Member To Class: ClassName=VM3300_V0.1 Member=Component REC2 HC-1538LD
Added Member To Class: ClassName=VM3300_V0.1 Member=Component SWD1 HDR-1X5
Added Member To Class: ClassName=VM3300_V0.1 Member=Component U1 STM32F030C8T6
Added Member To Class: ClassName=VM3300_V0.1 Member=Component U2 ME3116AM6G
Added Member To Class: ClassName=VM3300_V0.1 Member=Component U3 AMS1117-3.3
Added Member To Class: ClassName=VM3300_V0.1 Member=Component U4 TM1650
Added Member To Class: ClassName=VM3300_V0.1 Member=Component U6 TK8021
Added Member To Class: ClassName=VM3300_V0.1 Member=Component U7 TTP2233
Added Member To Class: ClassName=VM3300_V0.1 Member=Component UART HDR-1X4
Added Member To Class: ClassName=VM3300_V0.1 Member=Component VD1 SS34
Added Member To Class: ClassName=VM3300_V0.1 Member=Component VD2 SS34
Added Member To Class: ClassName=VM3300_V0.1 Member=Component Y1 8MHz
Added Room: Name=VM3300_V0.1
