Load "HS5100\\HS5100.axf" 
* JLink Info: Device "CORTEX-M0+" selected.
Set JLink Project File to "d:\Joanlab\JOANLAB\HS5100\Code\V1.0\240801\HS5100\MDK-ARM\JLinkSettings.ini"* JLink Info: Device "CORTEX-M0+" selected.

JLink info:
------------
DLL: V4.96d, compiled Jan 29 2015 11:45:37
Firmware: J-Link V9 compiled May  7 2021 16:26:12
Hardware: V9.20
S/N : 59800871 
Feature(s) : RDI, GDB, FlashDL, FlashBP, JFlash 

* JLink Info: Found SWD-DP with ID 0x0BB11477
* JLink Info: Found Cortex-M0 r0p0, Little endian.
* JLink Info: FPUnit: 4 code (BP) slots and 0 literal slots
ROMTableAddr = 0xE00FF003

Target info:
------------
Device: STM32F030C8Tx
VTarget = 3.243V
State of Pins: TCK: 0, TDI: 0, TDO: 0, TMS: 1, TRES: 1, TRST: 0
Hardware-Breakpoints: 4
Software-Breakpoints: 8192
Watchpoints:          2
JTAG speed: 6000 kHz

Erase Done.Programming Done.Verify OK.Application running ...
Flash Load finished at 08:55:42
