*** Using Compiler 'V5.06 update 7 (build 960)', folder: 'D:\DanPianJi\Keil_v5\ARM\ARMCC\Bin'
Build target 'HS5100'
compiling dma.c...
compiling main.c...
compiling gpio.c...
compiling stm32f0xx_it.c...
compiling stm32f0xx_hal_msp.c...
compiling Drv_Beep.c...
compiling adc.c...
compiling tim.c...
compiling Drv_HT162x.c...
compiling SetVal.c...
compiling System_Init.c...
compiling Drv_KEY.c...
compiling Ctrl_Scheduler.c...
compiling SysTick.c...
compiling Drv_EC11A.c...
compiling Show.c...
linking...
Program Size: Code=17068 RO-data=260 RW-data=96 ZI-data=2296  
FromELF: creating hex file...
"HS5100\HS5100.axf" - 0 Error(s), 0 Warning(s).
Build Time Elapsed:  00:00:03
